Stated Time on build project: 2023-11-21 19:41:52
Goal: create an exploratory data analysis python data science project about naruto the anime.
Project Type: coding
Time Constraint: 10
Response: Title: Exploratory Data Analysis of Naruto Anime

Introduction:
In this data science project, we will perform an exploratory data analysis on the popular anime series Naruto. Naruto is a Japanese manga and anime series written and illustrated by Masashi Kishimoto. The aim of this project is to gain insights into various aspects of the Naruto anime, such as character popularity, episode ratings, and character relationships.

Dataset:
To conduct this analysis, we will utilize a dataset containing information about Naruto episodes, characters, and their relationships. The dataset will include the following columns:

1. Episode Number: The episode number of the Naruto series.
2. Title: The title of the episode.
3. Air Date: The date when the episode was aired.
4. Average Rating: The average rating of the episode.
5. Character Name: The name of the character.
6. Role: The role of the character in the episode (main, supporting, or guest).
7. Relationship: The relationship between characters in the episode.

Analysis Steps:

1. Data Loading and Cleaning:
   - Load the dataset into a pandas DataFrame.
   - Check for missing values and handle them appropriately.
   - Perform any necessary data cleaning and formatting.

2. Episode Analysis:
   - Explore the distribution of episode ratings.
   - Identify the top-rated episodes and analyze their characteristics.
   - Visualize the trend of episode ratings over time.

3. Character Analysis:
   - Analyze the popularity of characters based on their appearances.
   - Identify the main, supporting, and guest characters.
   - Visualize the distribution of character roles.

4. Relationship Analysis:
   - Explore the relationships between characters.
   - Identify the most common character relationships.
   - Visualize the network of character relationships.

5. Additional Analysis:
   - Analyze the duration of episodes and identify any patterns.
   - Explore the relationship between episode ratings and character appearances.
   - Perform any other interesting analyses based on the available data.

Conclusion:
In this project, we have conducted an exploratory data analysis on the Naruto anime series. We have gained insights into episode ratings, character popularity, and character relationships. The findings from this analysis can be used to understand the dynamics of the Naruto anime and provide valuable information to fans and producers alike.

Note: The dataset for this project can be obtained from various sources, such as Kaggle or scraping websites that provide information about Naruto episodes and characters.
End Time on build project : 2023-11-21 19:42:05
Stated Time on build project: 2023-11-21 19:45:20
Goal: create an exploratory data analysis python data science project about naruto the anime.
Project Type: mathematics
Time Constraint: 10
Response: Title: Exploratory Data Analysis of Naruto Anime

Introduction:
In this project, we will perform exploratory data analysis on the popular anime series Naruto. Naruto is a Japanese manga and anime series written and illustrated by Masashi Kishimoto. The story follows Naruto Uzumaki, a young ninja who seeks recognition from his peers and dreams of becoming the Hokage, the leader of his village.

Objective:
The objective of this project is to analyze various aspects of the Naruto anime using Python and data science techniques. We will explore different datasets related to Naruto, including character information, episode details, and user ratings. Through this analysis, we aim to gain insights into the popularity, character development, and overall impact of the Naruto anime.

Dataset:
For this project, we will utilize the following datasets:
1. Naruto Character Dataset: This dataset contains information about the main characters in Naruto, including their names, ages, affiliations, and abilities.
2. Naruto Episode Dataset: This dataset includes details about each episode of the Naruto anime, such as episode number, title, air date, and duration.
3. Naruto User Ratings Dataset: This dataset consists of user ratings and reviews for each episode of Naruto, allowing us to analyze the audience's perception of the show.

Methodology:
1. Data Cleaning: We will clean and preprocess the datasets, handling missing values, removing duplicates, and standardizing the data format.
2. Descriptive Statistics: We will calculate basic statistics such as mean, median, and mode to understand the distribution of character attributes, episode duration, and user ratings.
3. Data Visualization: We will create visualizations, including bar plots, histograms, and scatter plots, to explore relationships between variables and identify patterns.
4. Character Analysis: We will analyze the characteristics and abilities of different Naruto characters, identifying the most popular and powerful ones.
5. Episode Analysis: We will examine the distribution of episode durations, identify the most-watched episodes, and analyze the ratings and reviews given by users.
6. Time Series Analysis: We will analyze the trends and patterns in episode releases over time, identifying any significant changes or milestones in the series.

Conclusion:
Through this exploratory data analysis project, we aim to gain insights into the Naruto anime series. By analyzing character attributes, episode details, and user ratings, we can understand the popularity and impact of the show. This project will provide valuable information for Naruto fans, researchers, and anyone interested in the world of anime.
End Time on build project : 2023-11-21 19:45:32
Stated Time on study plan creator: 2023-11-21 19:55:20
Goal: Create a study plan to learn data science
Timeframe: 5 weeks
Project Type: Senior Engineer
Reference Preference: google
Response: Week 1:
- Spend 5 hours studying the basics of data science, including understanding what it is, its applications, and its importance in various industries.
- Use Google to search for articles, tutorials, and videos that provide an introduction to data science.
- Familiarize yourself with the key concepts and terminologies used in data science.

Week 2:
- Dedicate 5 hours to learning programming languages commonly used in data science, such as Python and R.
- Utilize Google to find online courses or tutorials that teach the basics of Python and R for data science.
- Practice coding exercises and small projects to reinforce your understanding of the programming languages.

Week 3:
- Spend 5 hours studying statistics and probability theory, as they form the foundation of data science.
- Use Google to find resources that explain statistical concepts and their applications in data analysis.
- Practice solving statistical problems and analyzing datasets using statistical techniques.

Week 4:
- Dedicate 5 hours to learning data manipulation and analysis techniques.
- Utilize Google to find tutorials or documentation on libraries and tools commonly used for data manipulation and analysis, such as Pandas and SQL.
- Practice working with datasets, cleaning and transforming data, and performing basic data analysis tasks.

Week 5:
- Spend 5 hours studying machine learning algorithms and techniques.
- Use Google to find resources that explain different machine learning algorithms and their applications.
- Practice implementing machine learning models on sample datasets and evaluating their performance.

Throughout the study plan:
- Continuously search for articles, blog posts, and case studies related to data science on Google to stay updated with the latest trends and advancements.
- Join online communities and forums dedicated to data science to engage with other learners and professionals in the field.
- Consider participating in online data science competitions or projects to apply your knowledge and gain practical experience.

Note: This study plan provides a general outline for learning data science using Google as the primary resource. It is important to adapt and customize the plan based on your learning style, preferences, and goals as a Senior Engineer and General Coding Expert.
End Time on study plan creator: 2023-11-21 19:55:31
Stated Time on study plan creator: 2023-11-21 23:40:12
Goal: I want to learn data science using python
Timeframe: 5 weeks
Project Type: Senior Engineer
Reference Preference: google
Error: The server had an error processing your request. Sorry about that! You can retry your request, or contact us through our help center at help.openai.com if you keep seeing this error. (Please include the request ID f086a45a7d0897df00305f49a4ba5d65 in your email.) {
  "error": {
    "message": "The server had an error processing your request. Sorry about that! You can retry your request, or contact us through our help center at help.openai.com if you keep seeing this error. (Please include the request ID f086a45a7d0897df00305f49a4ba5d65 in your email.)",
    "type": "server_error",
    "param": null,
    "code": null
  }
}
 500 {'error': {'message': 'The server had an error processing your request. Sorry about that! You can retry your request, or contact us through our help center at help.openai.com if you keep seeing this error. (Please include the request ID f086a45a7d0897df00305f49a4ba5d65 in your email.)', 'type': 'server_error', 'param': None, 'code': None}} {'Date': 'Tue, 21 Nov 2023 22:40:14 GMT', 'Content-Type': 'application/json', 'Content-Length': '366', 'Connection': 'keep-alive', 'access-control-allow-origin': '*', 'openai-organization': 'user-iuzr4pr2vxuax23srg1iajvu', 'openai-processing-ms': '458', 'openai-version': '2020-10-01', 'strict-transport-security': 'max-age=15724800; includeSubDomains', 'x-ratelimit-limit-requests': '10000', 'x-ratelimit-limit-tokens': '1000000', 'x-ratelimit-limit-tokens_usage_based': '1000000', 'x-ratelimit-remaining-requests': '9999', 'x-ratelimit-remaining-tokens': '997948', 'x-ratelimit-remaining-tokens_usage_based': '997948', 'x-ratelimit-reset-requests': '6ms', 'x-ratelimit-reset-tokens': '123ms', 'x-ratelimit-reset-tokens_usage_based': '123ms', 'x-request-id': 'f086a45a7d0897df00305f49a4ba5d65', 'CF-Cache-Status': 'DYNAMIC', 'Set-Cookie': '__cf_bm=bsz6wwm52lPEt6opaou7SGo5BS3VqUGqkycUyqmOlj0-1700606414-0-AaqBmBbGLg+31BlBFUUrRFiNGb6gQOfzL0tDwZVxoilTHofCakwIaL9ZLhcRN9oehS67WHnH1jLMxsbfTgZmcm8=; path=/; expires=Tue, 21-Nov-23 23:10:14 GMT; domain=.api.openai.com; HttpOnly; Secure; SameSite=None, _cfuvid=1hwOtcOzUP6JAJYNq2uq.R6Not2Eg71aNH_5uVRz3oA-1700606414341-0-604800000; path=/; domain=.api.openai.com; HttpOnly; Secure; SameSite=None', 'Server': 'cloudflare', 'CF-RAY': '829c6ee5bcba6534-LHR', 'alt-svc': 'h3=":443"; ma=86400'}
Exception on /study_plan_creator [POST]
Traceback (most recent call last):
  File "C:\Users\LENOVO\Desktop\work\mkd\youtubeproject\app.py", line 92, in study_plan_creator
    response = openai.ChatCompletion.create(
               ^^^^^^^^^^^^^^^^^^^^^^^^^^^^^
  File "C:\Users\LENOVO\AppData\Local\Programs\Python\Python311\Lib\site-packages\openai\api_resources\chat_completion.py", line 25, in create
    return super().create(*args, **kwargs)
           ^^^^^^^^^^^^^^^^^^^^^^^^^^^^^^^
  File "C:\Users\LENOVO\AppData\Local\Programs\Python\Python311\Lib\site-packages\openai\api_resources\abstract\engine_api_resource.py", line 153, in create
    response, _, api_key = requestor.request(
                           ^^^^^^^^^^^^^^^^^^
  File "C:\Users\LENOVO\AppData\Local\Programs\Python\Python311\Lib\site-packages\openai\api_requestor.py", line 298, in request
    resp, got_stream = self._interpret_response(result, stream)
                       ^^^^^^^^^^^^^^^^^^^^^^^^^^^^^^^^^^^^^^^^
  File "C:\Users\LENOVO\AppData\Local\Programs\Python\Python311\Lib\site-packages\openai\api_requestor.py", line 700, in _interpret_response
    self._interpret_response_line(
  File "C:\Users\LENOVO\AppData\Local\Programs\Python\Python311\Lib\site-packages\openai\api_requestor.py", line 765, in _interpret_response_line
    raise self.handle_error_response(
openai.error.APIError: The server had an error processing your request. Sorry about that! You can retry your request, or contact us through our help center at help.openai.com if you keep seeing this error. (Please include the request ID f086a45a7d0897df00305f49a4ba5d65 in your email.) {
  "error": {
    "message": "The server had an error processing your request. Sorry about that! You can retry your request, or contact us through our help center at help.openai.com if you keep seeing this error. (Please include the request ID f086a45a7d0897df00305f49a4ba5d65 in your email.)",
    "type": "server_error",
    "param": null,
    "code": null
  }
}
 500 {'error': {'message': 'The server had an error processing your request. Sorry about that! You can retry your request, or contact us through our help center at help.openai.com if you keep seeing this error. (Please include the request ID f086a45a7d0897df00305f49a4ba5d65 in your email.)', 'type': 'server_error', 'param': None, 'code': None}} {'Date': 'Tue, 21 Nov 2023 22:40:14 GMT', 'Content-Type': 'application/json', 'Content-Length': '366', 'Connection': 'keep-alive', 'access-control-allow-origin': '*', 'openai-organization': 'user-iuzr4pr2vxuax23srg1iajvu', 'openai-processing-ms': '458', 'openai-version': '2020-10-01', 'strict-transport-security': 'max-age=15724800; includeSubDomains', 'x-ratelimit-limit-requests': '10000', 'x-ratelimit-limit-tokens': '1000000', 'x-ratelimit-limit-tokens_usage_based': '1000000', 'x-ratelimit-remaining-requests': '9999', 'x-ratelimit-remaining-tokens': '997948', 'x-ratelimit-remaining-tokens_usage_based': '997948', 'x-ratelimit-reset-requests': '6ms', 'x-ratelimit-reset-tokens': '123ms', 'x-ratelimit-reset-tokens_usage_based': '123ms', 'x-request-id': 'f086a45a7d0897df00305f49a4ba5d65', 'CF-Cache-Status': 'DYNAMIC', 'Set-Cookie': '__cf_bm=bsz6wwm52lPEt6opaou7SGo5BS3VqUGqkycUyqmOlj0-1700606414-0-AaqBmBbGLg+31BlBFUUrRFiNGb6gQOfzL0tDwZVxoilTHofCakwIaL9ZLhcRN9oehS67WHnH1jLMxsbfTgZmcm8=; path=/; expires=Tue, 21-Nov-23 23:10:14 GMT; domain=.api.openai.com; HttpOnly; Secure; SameSite=None, _cfuvid=1hwOtcOzUP6JAJYNq2uq.R6Not2Eg71aNH_5uVRz3oA-1700606414341-0-604800000; path=/; domain=.api.openai.com; HttpOnly; Secure; SameSite=None', 'Server': 'cloudflare', 'CF-RAY': '829c6ee5bcba6534-LHR', 'alt-svc': 'h3=":443"; ma=86400'}

During handling of the above exception, another exception occurred:

Traceback (most recent call last):
  File "C:\Users\LENOVO\AppData\Local\Programs\Python\Python311\Lib\site-packages\flask\app.py", line 1455, in wsgi_app
    response = self.full_dispatch_request()
               ^^^^^^^^^^^^^^^^^^^^^^^^^^^^
  File "C:\Users\LENOVO\AppData\Local\Programs\Python\Python311\Lib\site-packages\flask\app.py", line 869, in full_dispatch_request
    rv = self.handle_user_exception(e)
         ^^^^^^^^^^^^^^^^^^^^^^^^^^^^^
  File "C:\Users\LENOVO\AppData\Local\Programs\Python\Python311\Lib\site-packages\flask_cors\extension.py", line 176, in wrapped_function
    return cors_after_request(app.make_response(f(*args, **kwargs)))
                                                ^^^^^^^^^^^^^^^^^^
  File "C:\Users\LENOVO\AppData\Local\Programs\Python\Python311\Lib\site-packages\flask\app.py", line 867, in full_dispatch_request
    rv = self.dispatch_request()
         ^^^^^^^^^^^^^^^^^^^^^^^
  File "C:\Users\LENOVO\AppData\Local\Programs\Python\Python311\Lib\site-packages\flask\app.py", line 852, in dispatch_request
    return self.ensure_sync(self.view_functions[rule.endpoint])(**view_args)
           ^^^^^^^^^^^^^^^^^^^^^^^^^^^^^^^^^^^^^^^^^^^^^^^^^^^^^^^^^^^^^^^^^
  File "C:\Users\LENOVO\Desktop\work\mkd\youtubeproject\app.py", line 105, in study_plan_creator
    return jsonify({"error":e})
           ^^^^^^^^^^^^^^^^^^^^
  File "C:\Users\LENOVO\AppData\Local\Programs\Python\Python311\Lib\site-packages\flask\json\__init__.py", line 170, in jsonify
    return current_app.json.response(*args, **kwargs)
           ^^^^^^^^^^^^^^^^^^^^^^^^^^^^^^^^^^^^^^^^^^
  File "C:\Users\LENOVO\AppData\Local\Programs\Python\Python311\Lib\site-packages\flask\json\provider.py", line 215, in response
    f"{self.dumps(obj, **dump_args)}\n", mimetype=self.mimetype
       ^^^^^^^^^^^^^^^^^^^^^^^^^^^^
  File "C:\Users\LENOVO\AppData\Local\Programs\Python\Python311\Lib\site-packages\flask\json\provider.py", line 180, in dumps
    return json.dumps(obj, **kwargs)
           ^^^^^^^^^^^^^^^^^^^^^^^^^
  File "C:\Users\LENOVO\AppData\Local\Programs\Python\Python311\Lib\json\__init__.py", line 238, in dumps
    **kw).encode(obj)
          ^^^^^^^^^^^
  File "C:\Users\LENOVO\AppData\Local\Programs\Python\Python311\Lib\json\encoder.py", line 200, in encode
    chunks = self.iterencode(o, _one_shot=True)
             ^^^^^^^^^^^^^^^^^^^^^^^^^^^^^^^^^^
  File "C:\Users\LENOVO\AppData\Local\Programs\Python\Python311\Lib\json\encoder.py", line 258, in iterencode
    return _iterencode(o, 0)
           ^^^^^^^^^^^^^^^^^
  File "C:\Users\LENOVO\AppData\Local\Programs\Python\Python311\Lib\site-packages\flask\json\provider.py", line 120, in _default
    raise TypeError(f"Object of type {type(o).__name__} is not JSON serializable")
TypeError: Object of type APIError is not JSON serializable
Stated Time on study plan creator: 2023-11-21 23:40:22
Goal: I want to learn data science using python
Timeframe: 5 weeks
Project Type: Senior Engineer
Reference Preference: google
Response: Week 1:
- Spend the first week getting familiar with Python programming language. Start with basic syntax, data types, variables, and control flow statements.
- Use Google's Python Class (https://developers.google.com/edu/python/) to learn Python fundamentals.
- Practice writing simple programs and solving coding exercises using Python.

Week 2:
- Dive into data manipulation and analysis using Python libraries such as NumPy and Pandas.
- Follow the Pandas documentation (https://pandas.pydata.org/docs/) to learn about data structures, data cleaning, filtering, and aggregation.
- Work on small projects or exercises that involve data manipulation and analysis using Pandas.

Week 3:
- Learn about data visualization using Python libraries like Matplotlib and Seaborn.
- Refer to the Matplotlib documentation (https://matplotlib.org/stable/contents.html) to understand different types of plots and customization options.
- Explore Seaborn's documentation (https://seaborn.pydata.org/tutorial.html) to create more visually appealing and informative plots.
- Practice creating various types of plots using sample datasets or real-world data.

Week 4:
- Start learning about machine learning algorithms and techniques using Python's scikit-learn library.
- Follow scikit-learn's user guide (https://scikit-learn.org/stable/user_guide.html) to understand different machine learning models, preprocessing techniques, and evaluation metrics.
- Implement simple machine learning models like linear regression, logistic regression, and decision trees on sample datasets.
- Experiment with different hyperparameters and evaluate model performance.

Week 5:
- Deepen your understanding of machine learning by exploring advanced topics like ensemble methods, dimensionality reduction, and model evaluation techniques.
- Read about ensemble methods like random forests and gradient boosting in scikit-learn's documentation.
- Learn about dimensionality reduction techniques like principal component analysis (PCA) and t-SNE.
- Explore different model evaluation techniques such as cross-validation and ROC curves.
- Work on a small machine learning project that involves data preprocessing, model training, and evaluation.

Throughout the 5 weeks:
- Continuously practice coding by solving coding challenges on platforms like LeetCode or HackerRank.
- Join online communities or forums related to data science and Python programming to ask questions and learn from others.
- Keep a notebook or document to jot down important concepts, code snippets, and resources for future reference.
- Stay updated with the latest trends and advancements in data science by reading articles, blogs, or following relevant social media accounts.
End Time on study plan creator: 2023-11-21 23:40:34
Stated Time on study plan creator: 2023-11-21 23:42:04
Goal: I want to learn data science using python
Timeframe: 5 weeks
Project Type: Senior Engineer
Reference Preference: google
Error: The server had an error processing your request. Sorry about that! You can retry your request, or contact us through our help center at help.openai.com if you keep seeing this error. (Please include the request ID a25bcd198b9c96cb047ac90fda604461 in your email.) {
  "error": {
    "message": "The server had an error processing your request. Sorry about that! You can retry your request, or contact us through our help center at help.openai.com if you keep seeing this error. (Please include the request ID a25bcd198b9c96cb047ac90fda604461 in your email.)",
    "type": "server_error",
    "param": null,
    "code": null
  }
}
 500 {'error': {'message': 'The server had an error processing your request. Sorry about that! You can retry your request, or contact us through our help center at help.openai.com if you keep seeing this error. (Please include the request ID a25bcd198b9c96cb047ac90fda604461 in your email.)', 'type': 'server_error', 'param': None, 'code': None}} {'Date': 'Tue, 21 Nov 2023 22:42:07 GMT', 'Content-Type': 'application/json', 'Content-Length': '366', 'Connection': 'keep-alive', 'access-control-allow-origin': '*', 'openai-organization': 'user-iuzr4pr2vxuax23srg1iajvu', 'openai-processing-ms': '1459', 'openai-version': '2020-10-01', 'strict-transport-security': 'max-age=15724800; includeSubDomains', 'x-ratelimit-limit-requests': '10000', 'x-ratelimit-limit-tokens': '1000000', 'x-ratelimit-limit-tokens_usage_based': '1000000', 'x-ratelimit-remaining-requests': '9999', 'x-ratelimit-remaining-tokens': '997948', 'x-ratelimit-remaining-tokens_usage_based': '997948', 'x-ratelimit-reset-requests': '6ms', 'x-ratelimit-reset-tokens': '123ms', 'x-ratelimit-reset-tokens_usage_based': '123ms', 'x-request-id': 'a25bcd198b9c96cb047ac90fda604461', 'CF-Cache-Status': 'DYNAMIC', 'Set-Cookie': '__cf_bm=8IH66qDFIxa51epe7Pdqm2aRwpjfLX0EiuQbkmAY2TI-1700606527-0-AVhB5yYPfWFZF4yCYDyctSEX1aLDm4OhKmtii33iNRRvXCGUgLuVsDgIcXzRJGIn0iwgSvb0/XAl5qybwY6LLpo=; path=/; expires=Tue, 21-Nov-23 23:12:07 GMT; domain=.api.openai.com; HttpOnly; Secure; SameSite=None, _cfuvid=9v9G92z5diudZuUSUDNx_ZExYCZhGNLpDYsEu3GORSs-1700606527609-0-604800000; path=/; domain=.api.openai.com; HttpOnly; Secure; SameSite=None', 'Server': 'cloudflare', 'CF-RAY': '829c71a1db896343-LHR', 'alt-svc': 'h3=":443"; ma=86400'}
Exception on /study_plan_creator [POST]
Traceback (most recent call last):
  File "C:\Users\LENOVO\Desktop\work\mkd\youtubeproject\app.py", line 92, in study_plan_creator
    response = openai.ChatCompletion.create(
               ^^^^^^^^^^^^^^^^^^^^^^^^^^^^^
  File "C:\Users\LENOVO\AppData\Local\Programs\Python\Python311\Lib\site-packages\openai\api_resources\chat_completion.py", line 25, in create
    return super().create(*args, **kwargs)
           ^^^^^^^^^^^^^^^^^^^^^^^^^^^^^^^
  File "C:\Users\LENOVO\AppData\Local\Programs\Python\Python311\Lib\site-packages\openai\api_resources\abstract\engine_api_resource.py", line 153, in create
    response, _, api_key = requestor.request(
                           ^^^^^^^^^^^^^^^^^^
  File "C:\Users\LENOVO\AppData\Local\Programs\Python\Python311\Lib\site-packages\openai\api_requestor.py", line 298, in request
    resp, got_stream = self._interpret_response(result, stream)
                       ^^^^^^^^^^^^^^^^^^^^^^^^^^^^^^^^^^^^^^^^
  File "C:\Users\LENOVO\AppData\Local\Programs\Python\Python311\Lib\site-packages\openai\api_requestor.py", line 700, in _interpret_response
    self._interpret_response_line(
  File "C:\Users\LENOVO\AppData\Local\Programs\Python\Python311\Lib\site-packages\openai\api_requestor.py", line 765, in _interpret_response_line
    raise self.handle_error_response(
openai.error.APIError: The server had an error processing your request. Sorry about that! You can retry your request, or contact us through our help center at help.openai.com if you keep seeing this error. (Please include the request ID a25bcd198b9c96cb047ac90fda604461 in your email.) {
  "error": {
    "message": "The server had an error processing your request. Sorry about that! You can retry your request, or contact us through our help center at help.openai.com if you keep seeing this error. (Please include the request ID a25bcd198b9c96cb047ac90fda604461 in your email.)",
    "type": "server_error",
    "param": null,
    "code": null
  }
}
 500 {'error': {'message': 'The server had an error processing your request. Sorry about that! You can retry your request, or contact us through our help center at help.openai.com if you keep seeing this error. (Please include the request ID a25bcd198b9c96cb047ac90fda604461 in your email.)', 'type': 'server_error', 'param': None, 'code': None}} {'Date': 'Tue, 21 Nov 2023 22:42:07 GMT', 'Content-Type': 'application/json', 'Content-Length': '366', 'Connection': 'keep-alive', 'access-control-allow-origin': '*', 'openai-organization': 'user-iuzr4pr2vxuax23srg1iajvu', 'openai-processing-ms': '1459', 'openai-version': '2020-10-01', 'strict-transport-security': 'max-age=15724800; includeSubDomains', 'x-ratelimit-limit-requests': '10000', 'x-ratelimit-limit-tokens': '1000000', 'x-ratelimit-limit-tokens_usage_based': '1000000', 'x-ratelimit-remaining-requests': '9999', 'x-ratelimit-remaining-tokens': '997948', 'x-ratelimit-remaining-tokens_usage_based': '997948', 'x-ratelimit-reset-requests': '6ms', 'x-ratelimit-reset-tokens': '123ms', 'x-ratelimit-reset-tokens_usage_based': '123ms', 'x-request-id': 'a25bcd198b9c96cb047ac90fda604461', 'CF-Cache-Status': 'DYNAMIC', 'Set-Cookie': '__cf_bm=8IH66qDFIxa51epe7Pdqm2aRwpjfLX0EiuQbkmAY2TI-1700606527-0-AVhB5yYPfWFZF4yCYDyctSEX1aLDm4OhKmtii33iNRRvXCGUgLuVsDgIcXzRJGIn0iwgSvb0/XAl5qybwY6LLpo=; path=/; expires=Tue, 21-Nov-23 23:12:07 GMT; domain=.api.openai.com; HttpOnly; Secure; SameSite=None, _cfuvid=9v9G92z5diudZuUSUDNx_ZExYCZhGNLpDYsEu3GORSs-1700606527609-0-604800000; path=/; domain=.api.openai.com; HttpOnly; Secure; SameSite=None', 'Server': 'cloudflare', 'CF-RAY': '829c71a1db896343-LHR', 'alt-svc': 'h3=":443"; ma=86400'}

During handling of the above exception, another exception occurred:

Traceback (most recent call last):
  File "C:\Users\LENOVO\AppData\Local\Programs\Python\Python311\Lib\site-packages\flask\app.py", line 1455, in wsgi_app
    response = self.full_dispatch_request()
               ^^^^^^^^^^^^^^^^^^^^^^^^^^^^
  File "C:\Users\LENOVO\AppData\Local\Programs\Python\Python311\Lib\site-packages\flask\app.py", line 869, in full_dispatch_request
    rv = self.handle_user_exception(e)
         ^^^^^^^^^^^^^^^^^^^^^^^^^^^^^
  File "C:\Users\LENOVO\AppData\Local\Programs\Python\Python311\Lib\site-packages\flask_cors\extension.py", line 176, in wrapped_function
    return cors_after_request(app.make_response(f(*args, **kwargs)))
                                                ^^^^^^^^^^^^^^^^^^
  File "C:\Users\LENOVO\AppData\Local\Programs\Python\Python311\Lib\site-packages\flask\app.py", line 867, in full_dispatch_request
    rv = self.dispatch_request()
         ^^^^^^^^^^^^^^^^^^^^^^^
  File "C:\Users\LENOVO\AppData\Local\Programs\Python\Python311\Lib\site-packages\flask\app.py", line 852, in dispatch_request
    return self.ensure_sync(self.view_functions[rule.endpoint])(**view_args)
           ^^^^^^^^^^^^^^^^^^^^^^^^^^^^^^^^^^^^^^^^^^^^^^^^^^^^^^^^^^^^^^^^^
  File "C:\Users\LENOVO\Desktop\work\mkd\youtubeproject\app.py", line 105, in study_plan_creator
    return jsonify({"error":e})
           ^^^^^^^^^^^^^^^^^^^^
  File "C:\Users\LENOVO\AppData\Local\Programs\Python\Python311\Lib\site-packages\flask\json\__init__.py", line 170, in jsonify
    return current_app.json.response(*args, **kwargs)
           ^^^^^^^^^^^^^^^^^^^^^^^^^^^^^^^^^^^^^^^^^^
  File "C:\Users\LENOVO\AppData\Local\Programs\Python\Python311\Lib\site-packages\flask\json\provider.py", line 215, in response
    f"{self.dumps(obj, **dump_args)}\n", mimetype=self.mimetype
       ^^^^^^^^^^^^^^^^^^^^^^^^^^^^
  File "C:\Users\LENOVO\AppData\Local\Programs\Python\Python311\Lib\site-packages\flask\json\provider.py", line 180, in dumps
    return json.dumps(obj, **kwargs)
           ^^^^^^^^^^^^^^^^^^^^^^^^^
  File "C:\Users\LENOVO\AppData\Local\Programs\Python\Python311\Lib\json\__init__.py", line 238, in dumps
    **kw).encode(obj)
          ^^^^^^^^^^^
  File "C:\Users\LENOVO\AppData\Local\Programs\Python\Python311\Lib\json\encoder.py", line 200, in encode
    chunks = self.iterencode(o, _one_shot=True)
             ^^^^^^^^^^^^^^^^^^^^^^^^^^^^^^^^^^
  File "C:\Users\LENOVO\AppData\Local\Programs\Python\Python311\Lib\json\encoder.py", line 258, in iterencode
    return _iterencode(o, 0)
           ^^^^^^^^^^^^^^^^^
  File "C:\Users\LENOVO\AppData\Local\Programs\Python\Python311\Lib\site-packages\flask\json\provider.py", line 120, in _default
    raise TypeError(f"Object of type {type(o).__name__} is not JSON serializable")
TypeError: Object of type APIError is not JSON serializable
Stated Time on study plan creator: 2023-11-21 23:42:10
Goal: I want to learn data science using python
Timeframe: 5 weeks
Project Type: Senior Engineer
Reference Preference: google
Response: Week 1:
- Spend the first week familiarizing yourself with Python basics. Start by going through Google's Python Class (https://developers.google.com/edu/python/) which covers the fundamentals of Python programming.
- Complete the Python Crash Course book by Eric Matthes. This book provides a comprehensive introduction to Python and covers topics such as variables, data types, control flow, functions, and file handling.
- Practice what you've learned by solving coding exercises on platforms like HackerRank or LeetCode. Focus on solving problems related to basic Python concepts.

Week 2:
- Dive into data manipulation and analysis using the pandas library. Start with the official pandas documentation (https://pandas.pydata.org/docs/) and work through the tutorials and examples provided.
- Explore data visualization using the matplotlib library. Refer to the official matplotlib documentation (https://matplotlib.org/stable/contents.html) and learn how to create various types of plots and charts.
- Apply your knowledge by working on small projects that involve data cleaning, manipulation, and visualization using pandas and matplotlib.

Week 3:
- Learn about machine learning algorithms and techniques. Begin with the scikit-learn library, which provides a wide range of machine learning models and tools. Go through the official scikit-learn documentation (https://scikit-learn.org/stable/user_guide.html) and understand the basics of supervised and unsupervised learning.
- Implement simple machine learning models such as linear regression, logistic regression, and k-means clustering using scikit-learn. Practice on datasets available in scikit-learn or find datasets on platforms like Kaggle.
- Explore evaluation metrics for machine learning models and learn how to assess model performance using techniques like cross-validation and grid search.

Week 4:
- Deepen your understanding of machine learning by studying more advanced topics such as ensemble methods (e.g., random forests, gradient boosting), support vector machines, and neural networks.
- Read the book "Hands-On Machine Learning with Scikit-Learn, Keras, and TensorFlow" by Aurélien Géron. This book provides a comprehensive guide to machine learning and covers both theory and practical implementation.
- Implement more complex machine learning models and techniques using scikit-learn and other libraries like TensorFlow or Keras.

Week 5:
- Focus on deploying and scaling machine learning models. Learn about cloud platforms like Google Cloud Platform (GCP) and how to use services like Google Cloud AI Platform for model deployment.
- Explore techniques for model optimization and performance tuning. Learn about hyperparameter tuning, feature engineering, and model interpretation.
- Work on a final project that showcases your skills in data science and machine learning. This could involve building a predictive model, creating a recommendation system, or analyzing a large dataset.

Throughout the 5 weeks, make sure to continuously practice coding and reinforce your knowledge by working on coding exercises and projects. Additionally, stay updated with the latest trends and advancements in data science by following relevant blogs, forums, and online communities.
End Time on study plan creator: 2023-11-21 23:42:25
Stated Time on explain concept: 2023-11-21 23:43:02
Concept Name: Explain the concept of photosynthesis.
Error: The server had an error processing your request. Sorry about that! You can retry your request, or contact us through our help center at help.openai.com if you keep seeing this error. (Please include the request ID 21e132fa2eed556b1607edf9c148984b in your email.) {
  "error": {
    "message": "The server had an error processing your request. Sorry about that! You can retry your request, or contact us through our help center at help.openai.com if you keep seeing this error. (Please include the request ID 21e132fa2eed556b1607edf9c148984b in your email.)",
    "type": "server_error",
    "param": null,
    "code": null
  }
}
 500 {'error': {'message': 'The server had an error processing your request. Sorry about that! You can retry your request, or contact us through our help center at help.openai.com if you keep seeing this error. (Please include the request ID 21e132fa2eed556b1607edf9c148984b in your email.)', 'type': 'server_error', 'param': None, 'code': None}} {'Date': 'Tue, 21 Nov 2023 22:43:04 GMT', 'Content-Type': 'application/json', 'Content-Length': '366', 'Connection': 'keep-alive', 'access-control-allow-origin': '*', 'openai-organization': 'user-iuzr4pr2vxuax23srg1iajvu', 'openai-processing-ms': '471', 'openai-version': '2020-10-01', 'strict-transport-security': 'max-age=15724800; includeSubDomains', 'x-ratelimit-limit-requests': '10000', 'x-ratelimit-limit-tokens': '1000000', 'x-ratelimit-limit-tokens_usage_based': '1000000', 'x-ratelimit-remaining-requests': '9999', 'x-ratelimit-remaining-tokens': '997969', 'x-ratelimit-remaining-tokens_usage_based': '997969', 'x-ratelimit-reset-requests': '6ms', 'x-ratelimit-reset-tokens': '121ms', 'x-ratelimit-reset-tokens_usage_based': '121ms', 'x-request-id': '21e132fa2eed556b1607edf9c148984b', 'CF-Cache-Status': 'DYNAMIC', 'Set-Cookie': '__cf_bm=Q2bo.CLHKJP5OjhRrdmFh7PHgbp9Wqet67p63xsc0jQ-1700606584-0-AUtmFjrOSruXEQGg69EZb2z8nzBbzOxEooYvCj5KlGcIR1s2w8EdeUX+to2IFGjX/njZHN64t/Byeb5LFOyt9F0=; path=/; expires=Tue, 21-Nov-23 23:13:04 GMT; domain=.api.openai.com; HttpOnly; Secure; SameSite=None, _cfuvid=xdZenspbXLXS20OLcOlJd37Eb6YYMc6KCT6HgicVgKk-1700606584963-0-604800000; path=/; domain=.api.openai.com; HttpOnly; Secure; SameSite=None', 'Server': 'cloudflare', 'CF-RAY': '829c730e4caa63c7-LHR', 'alt-svc': 'h3=":443"; ma=86400'}
Exception on /explain_concept [POST]
Traceback (most recent call last):
  File "C:\Users\LENOVO\Desktop\work\mkd\youtubeproject\app.py", line 135, in explain_concept
    response = openai.ChatCompletion.create(
               ^^^^^^^^^^^^^^^^^^^^^^^^^^^^^
  File "C:\Users\LENOVO\AppData\Local\Programs\Python\Python311\Lib\site-packages\openai\api_resources\chat_completion.py", line 25, in create
    return super().create(*args, **kwargs)
           ^^^^^^^^^^^^^^^^^^^^^^^^^^^^^^^
  File "C:\Users\LENOVO\AppData\Local\Programs\Python\Python311\Lib\site-packages\openai\api_resources\abstract\engine_api_resource.py", line 153, in create
    response, _, api_key = requestor.request(
                           ^^^^^^^^^^^^^^^^^^
  File "C:\Users\LENOVO\AppData\Local\Programs\Python\Python311\Lib\site-packages\openai\api_requestor.py", line 298, in request
    resp, got_stream = self._interpret_response(result, stream)
                       ^^^^^^^^^^^^^^^^^^^^^^^^^^^^^^^^^^^^^^^^
  File "C:\Users\LENOVO\AppData\Local\Programs\Python\Python311\Lib\site-packages\openai\api_requestor.py", line 700, in _interpret_response
    self._interpret_response_line(
  File "C:\Users\LENOVO\AppData\Local\Programs\Python\Python311\Lib\site-packages\openai\api_requestor.py", line 765, in _interpret_response_line
    raise self.handle_error_response(
openai.error.APIError: The server had an error processing your request. Sorry about that! You can retry your request, or contact us through our help center at help.openai.com if you keep seeing this error. (Please include the request ID 21e132fa2eed556b1607edf9c148984b in your email.) {
  "error": {
    "message": "The server had an error processing your request. Sorry about that! You can retry your request, or contact us through our help center at help.openai.com if you keep seeing this error. (Please include the request ID 21e132fa2eed556b1607edf9c148984b in your email.)",
    "type": "server_error",
    "param": null,
    "code": null
  }
}
 500 {'error': {'message': 'The server had an error processing your request. Sorry about that! You can retry your request, or contact us through our help center at help.openai.com if you keep seeing this error. (Please include the request ID 21e132fa2eed556b1607edf9c148984b in your email.)', 'type': 'server_error', 'param': None, 'code': None}} {'Date': 'Tue, 21 Nov 2023 22:43:04 GMT', 'Content-Type': 'application/json', 'Content-Length': '366', 'Connection': 'keep-alive', 'access-control-allow-origin': '*', 'openai-organization': 'user-iuzr4pr2vxuax23srg1iajvu', 'openai-processing-ms': '471', 'openai-version': '2020-10-01', 'strict-transport-security': 'max-age=15724800; includeSubDomains', 'x-ratelimit-limit-requests': '10000', 'x-ratelimit-limit-tokens': '1000000', 'x-ratelimit-limit-tokens_usage_based': '1000000', 'x-ratelimit-remaining-requests': '9999', 'x-ratelimit-remaining-tokens': '997969', 'x-ratelimit-remaining-tokens_usage_based': '997969', 'x-ratelimit-reset-requests': '6ms', 'x-ratelimit-reset-tokens': '121ms', 'x-ratelimit-reset-tokens_usage_based': '121ms', 'x-request-id': '21e132fa2eed556b1607edf9c148984b', 'CF-Cache-Status': 'DYNAMIC', 'Set-Cookie': '__cf_bm=Q2bo.CLHKJP5OjhRrdmFh7PHgbp9Wqet67p63xsc0jQ-1700606584-0-AUtmFjrOSruXEQGg69EZb2z8nzBbzOxEooYvCj5KlGcIR1s2w8EdeUX+to2IFGjX/njZHN64t/Byeb5LFOyt9F0=; path=/; expires=Tue, 21-Nov-23 23:13:04 GMT; domain=.api.openai.com; HttpOnly; Secure; SameSite=None, _cfuvid=xdZenspbXLXS20OLcOlJd37Eb6YYMc6KCT6HgicVgKk-1700606584963-0-604800000; path=/; domain=.api.openai.com; HttpOnly; Secure; SameSite=None', 'Server': 'cloudflare', 'CF-RAY': '829c730e4caa63c7-LHR', 'alt-svc': 'h3=":443"; ma=86400'}

During handling of the above exception, another exception occurred:

Traceback (most recent call last):
  File "C:\Users\LENOVO\AppData\Local\Programs\Python\Python311\Lib\site-packages\flask\app.py", line 1455, in wsgi_app
    response = self.full_dispatch_request()
               ^^^^^^^^^^^^^^^^^^^^^^^^^^^^
  File "C:\Users\LENOVO\AppData\Local\Programs\Python\Python311\Lib\site-packages\flask\app.py", line 869, in full_dispatch_request
    rv = self.handle_user_exception(e)
         ^^^^^^^^^^^^^^^^^^^^^^^^^^^^^
  File "C:\Users\LENOVO\AppData\Local\Programs\Python\Python311\Lib\site-packages\flask_cors\extension.py", line 176, in wrapped_function
    return cors_after_request(app.make_response(f(*args, **kwargs)))
                                                ^^^^^^^^^^^^^^^^^^
  File "C:\Users\LENOVO\AppData\Local\Programs\Python\Python311\Lib\site-packages\flask\app.py", line 867, in full_dispatch_request
    rv = self.dispatch_request()
         ^^^^^^^^^^^^^^^^^^^^^^^
  File "C:\Users\LENOVO\AppData\Local\Programs\Python\Python311\Lib\site-packages\flask\app.py", line 852, in dispatch_request
    return self.ensure_sync(self.view_functions[rule.endpoint])(**view_args)
           ^^^^^^^^^^^^^^^^^^^^^^^^^^^^^^^^^^^^^^^^^^^^^^^^^^^^^^^^^^^^^^^^^
  File "C:\Users\LENOVO\Desktop\work\mkd\youtubeproject\app.py", line 148, in explain_concept
    return jsonify({"error":e})
           ^^^^^^^^^^^^^^^^^^^^
  File "C:\Users\LENOVO\AppData\Local\Programs\Python\Python311\Lib\site-packages\flask\json\__init__.py", line 170, in jsonify
    return current_app.json.response(*args, **kwargs)
           ^^^^^^^^^^^^^^^^^^^^^^^^^^^^^^^^^^^^^^^^^^
  File "C:\Users\LENOVO\AppData\Local\Programs\Python\Python311\Lib\site-packages\flask\json\provider.py", line 215, in response
    f"{self.dumps(obj, **dump_args)}\n", mimetype=self.mimetype
       ^^^^^^^^^^^^^^^^^^^^^^^^^^^^
  File "C:\Users\LENOVO\AppData\Local\Programs\Python\Python311\Lib\site-packages\flask\json\provider.py", line 180, in dumps
    return json.dumps(obj, **kwargs)
           ^^^^^^^^^^^^^^^^^^^^^^^^^
  File "C:\Users\LENOVO\AppData\Local\Programs\Python\Python311\Lib\json\__init__.py", line 238, in dumps
    **kw).encode(obj)
          ^^^^^^^^^^^
  File "C:\Users\LENOVO\AppData\Local\Programs\Python\Python311\Lib\json\encoder.py", line 200, in encode
    chunks = self.iterencode(o, _one_shot=True)
             ^^^^^^^^^^^^^^^^^^^^^^^^^^^^^^^^^^
  File "C:\Users\LENOVO\AppData\Local\Programs\Python\Python311\Lib\json\encoder.py", line 258, in iterencode
    return _iterencode(o, 0)
           ^^^^^^^^^^^^^^^^^
  File "C:\Users\LENOVO\AppData\Local\Programs\Python\Python311\Lib\site-packages\flask\json\provider.py", line 120, in _default
    raise TypeError(f"Object of type {type(o).__name__} is not JSON serializable")
TypeError: Object of type APIError is not JSON serializable
Stated Time on explain concept: 2023-11-21 23:43:07
Concept Name: Explain the concept of photosynthesis.
Error: The server had an error processing your request. Sorry about that! You can retry your request, or contact us through our help center at help.openai.com if you keep seeing this error. (Please include the request ID ff458eec027eef412ce757487174a156 in your email.) {
  "error": {
    "message": "The server had an error processing your request. Sorry about that! You can retry your request, or contact us through our help center at help.openai.com if you keep seeing this error. (Please include the request ID ff458eec027eef412ce757487174a156 in your email.)",
    "type": "server_error",
    "param": null,
    "code": null
  }
}
 500 {'error': {'message': 'The server had an error processing your request. Sorry about that! You can retry your request, or contact us through our help center at help.openai.com if you keep seeing this error. (Please include the request ID ff458eec027eef412ce757487174a156 in your email.)', 'type': 'server_error', 'param': None, 'code': None}} {'Date': 'Tue, 21 Nov 2023 22:43:10 GMT', 'Content-Type': 'application/json', 'Content-Length': '366', 'Connection': 'keep-alive', 'access-control-allow-origin': '*', 'openai-organization': 'user-iuzr4pr2vxuax23srg1iajvu', 'openai-processing-ms': '344', 'openai-version': '2020-10-01', 'strict-transport-security': 'max-age=15724800; includeSubDomains', 'x-ratelimit-limit-requests': '10000', 'x-ratelimit-limit-tokens': '1000000', 'x-ratelimit-limit-tokens_usage_based': '1000000', 'x-ratelimit-remaining-requests': '9999', 'x-ratelimit-remaining-tokens': '997969', 'x-ratelimit-remaining-tokens_usage_based': '997969', 'x-ratelimit-reset-requests': '6ms', 'x-ratelimit-reset-tokens': '121ms', 'x-ratelimit-reset-tokens_usage_based': '121ms', 'x-request-id': 'ff458eec027eef412ce757487174a156', 'CF-Cache-Status': 'DYNAMIC', 'Set-Cookie': '__cf_bm=GlIR1GxS4BZvzlquFzgg9PnyI_KsDXRIVEMYT8bkJRI-1700606590-0-AUJkOUFHTho0fUJN2/uXSpIXN2l16Si+Zw232htcsM+m0vkUbn+Jf/LmQBTrw79lKTcgQdvkF5ELAgR8oGfmfnE=; path=/; expires=Tue, 21-Nov-23 23:13:10 GMT; domain=.api.openai.com; HttpOnly; Secure; SameSite=None, _cfuvid=yLHnRTqzEnJl6kanTw2InB5R6GI3On8GsYQr6KI6tXI-1700606590016-0-604800000; path=/; domain=.api.openai.com; HttpOnly; Secure; SameSite=None', 'Server': 'cloudflare', 'CF-RAY': '829c732eecfa2407-LHR', 'alt-svc': 'h3=":443"; ma=86400'}
Exception on /explain_concept [POST]
Traceback (most recent call last):
  File "C:\Users\LENOVO\Desktop\work\mkd\youtubeproject\app.py", line 135, in explain_concept
    response = openai.ChatCompletion.create(
               ^^^^^^^^^^^^^^^^^^^^^^^^^^^^^
  File "C:\Users\LENOVO\AppData\Local\Programs\Python\Python311\Lib\site-packages\openai\api_resources\chat_completion.py", line 25, in create
    return super().create(*args, **kwargs)
           ^^^^^^^^^^^^^^^^^^^^^^^^^^^^^^^
  File "C:\Users\LENOVO\AppData\Local\Programs\Python\Python311\Lib\site-packages\openai\api_resources\abstract\engine_api_resource.py", line 153, in create
    response, _, api_key = requestor.request(
                           ^^^^^^^^^^^^^^^^^^
  File "C:\Users\LENOVO\AppData\Local\Programs\Python\Python311\Lib\site-packages\openai\api_requestor.py", line 298, in request
    resp, got_stream = self._interpret_response(result, stream)
                       ^^^^^^^^^^^^^^^^^^^^^^^^^^^^^^^^^^^^^^^^
  File "C:\Users\LENOVO\AppData\Local\Programs\Python\Python311\Lib\site-packages\openai\api_requestor.py", line 700, in _interpret_response
    self._interpret_response_line(
  File "C:\Users\LENOVO\AppData\Local\Programs\Python\Python311\Lib\site-packages\openai\api_requestor.py", line 765, in _interpret_response_line
    raise self.handle_error_response(
openai.error.APIError: The server had an error processing your request. Sorry about that! You can retry your request, or contact us through our help center at help.openai.com if you keep seeing this error. (Please include the request ID ff458eec027eef412ce757487174a156 in your email.) {
  "error": {
    "message": "The server had an error processing your request. Sorry about that! You can retry your request, or contact us through our help center at help.openai.com if you keep seeing this error. (Please include the request ID ff458eec027eef412ce757487174a156 in your email.)",
    "type": "server_error",
    "param": null,
    "code": null
  }
}
 500 {'error': {'message': 'The server had an error processing your request. Sorry about that! You can retry your request, or contact us through our help center at help.openai.com if you keep seeing this error. (Please include the request ID ff458eec027eef412ce757487174a156 in your email.)', 'type': 'server_error', 'param': None, 'code': None}} {'Date': 'Tue, 21 Nov 2023 22:43:10 GMT', 'Content-Type': 'application/json', 'Content-Length': '366', 'Connection': 'keep-alive', 'access-control-allow-origin': '*', 'openai-organization': 'user-iuzr4pr2vxuax23srg1iajvu', 'openai-processing-ms': '344', 'openai-version': '2020-10-01', 'strict-transport-security': 'max-age=15724800; includeSubDomains', 'x-ratelimit-limit-requests': '10000', 'x-ratelimit-limit-tokens': '1000000', 'x-ratelimit-limit-tokens_usage_based': '1000000', 'x-ratelimit-remaining-requests': '9999', 'x-ratelimit-remaining-tokens': '997969', 'x-ratelimit-remaining-tokens_usage_based': '997969', 'x-ratelimit-reset-requests': '6ms', 'x-ratelimit-reset-tokens': '121ms', 'x-ratelimit-reset-tokens_usage_based': '121ms', 'x-request-id': 'ff458eec027eef412ce757487174a156', 'CF-Cache-Status': 'DYNAMIC', 'Set-Cookie': '__cf_bm=GlIR1GxS4BZvzlquFzgg9PnyI_KsDXRIVEMYT8bkJRI-1700606590-0-AUJkOUFHTho0fUJN2/uXSpIXN2l16Si+Zw232htcsM+m0vkUbn+Jf/LmQBTrw79lKTcgQdvkF5ELAgR8oGfmfnE=; path=/; expires=Tue, 21-Nov-23 23:13:10 GMT; domain=.api.openai.com; HttpOnly; Secure; SameSite=None, _cfuvid=yLHnRTqzEnJl6kanTw2InB5R6GI3On8GsYQr6KI6tXI-1700606590016-0-604800000; path=/; domain=.api.openai.com; HttpOnly; Secure; SameSite=None', 'Server': 'cloudflare', 'CF-RAY': '829c732eecfa2407-LHR', 'alt-svc': 'h3=":443"; ma=86400'}

During handling of the above exception, another exception occurred:

Traceback (most recent call last):
  File "C:\Users\LENOVO\AppData\Local\Programs\Python\Python311\Lib\site-packages\flask\app.py", line 1455, in wsgi_app
    response = self.full_dispatch_request()
               ^^^^^^^^^^^^^^^^^^^^^^^^^^^^
  File "C:\Users\LENOVO\AppData\Local\Programs\Python\Python311\Lib\site-packages\flask\app.py", line 869, in full_dispatch_request
    rv = self.handle_user_exception(e)
         ^^^^^^^^^^^^^^^^^^^^^^^^^^^^^
  File "C:\Users\LENOVO\AppData\Local\Programs\Python\Python311\Lib\site-packages\flask_cors\extension.py", line 176, in wrapped_function
    return cors_after_request(app.make_response(f(*args, **kwargs)))
                                                ^^^^^^^^^^^^^^^^^^
  File "C:\Users\LENOVO\AppData\Local\Programs\Python\Python311\Lib\site-packages\flask\app.py", line 867, in full_dispatch_request
    rv = self.dispatch_request()
         ^^^^^^^^^^^^^^^^^^^^^^^
  File "C:\Users\LENOVO\AppData\Local\Programs\Python\Python311\Lib\site-packages\flask\app.py", line 852, in dispatch_request
    return self.ensure_sync(self.view_functions[rule.endpoint])(**view_args)
           ^^^^^^^^^^^^^^^^^^^^^^^^^^^^^^^^^^^^^^^^^^^^^^^^^^^^^^^^^^^^^^^^^
  File "C:\Users\LENOVO\Desktop\work\mkd\youtubeproject\app.py", line 148, in explain_concept
    return jsonify({"error":e})
           ^^^^^^^^^^^^^^^^^^^^
  File "C:\Users\LENOVO\AppData\Local\Programs\Python\Python311\Lib\site-packages\flask\json\__init__.py", line 170, in jsonify
    return current_app.json.response(*args, **kwargs)
           ^^^^^^^^^^^^^^^^^^^^^^^^^^^^^^^^^^^^^^^^^^
  File "C:\Users\LENOVO\AppData\Local\Programs\Python\Python311\Lib\site-packages\flask\json\provider.py", line 215, in response
    f"{self.dumps(obj, **dump_args)}\n", mimetype=self.mimetype
       ^^^^^^^^^^^^^^^^^^^^^^^^^^^^
  File "C:\Users\LENOVO\AppData\Local\Programs\Python\Python311\Lib\site-packages\flask\json\provider.py", line 180, in dumps
    return json.dumps(obj, **kwargs)
           ^^^^^^^^^^^^^^^^^^^^^^^^^
  File "C:\Users\LENOVO\AppData\Local\Programs\Python\Python311\Lib\json\__init__.py", line 238, in dumps
    **kw).encode(obj)
          ^^^^^^^^^^^
  File "C:\Users\LENOVO\AppData\Local\Programs\Python\Python311\Lib\json\encoder.py", line 200, in encode
    chunks = self.iterencode(o, _one_shot=True)
             ^^^^^^^^^^^^^^^^^^^^^^^^^^^^^^^^^^
  File "C:\Users\LENOVO\AppData\Local\Programs\Python\Python311\Lib\json\encoder.py", line 258, in iterencode
    return _iterencode(o, 0)
           ^^^^^^^^^^^^^^^^^
  File "C:\Users\LENOVO\AppData\Local\Programs\Python\Python311\Lib\site-packages\flask\json\provider.py", line 120, in _default
    raise TypeError(f"Object of type {type(o).__name__} is not JSON serializable")
TypeError: Object of type APIError is not JSON serializable
Stated Time on explain concept: 2023-11-21 23:43:24
Concept Name: Explain the concept of photosynthesis.
Error: The server had an error processing your request. Sorry about that! You can retry your request, or contact us through our help center at help.openai.com if you keep seeing this error. (Please include the request ID 1731d48187607e00d8170ea6950cd936 in your email.) {
  "error": {
    "message": "The server had an error processing your request. Sorry about that! You can retry your request, or contact us through our help center at help.openai.com if you keep seeing this error. (Please include the request ID 1731d48187607e00d8170ea6950cd936 in your email.)",
    "type": "server_error",
    "param": null,
    "code": null
  }
}
 500 {'error': {'message': 'The server had an error processing your request. Sorry about that! You can retry your request, or contact us through our help center at help.openai.com if you keep seeing this error. (Please include the request ID 1731d48187607e00d8170ea6950cd936 in your email.)', 'type': 'server_error', 'param': None, 'code': None}} {'Date': 'Tue, 21 Nov 2023 22:43:26 GMT', 'Content-Type': 'application/json', 'Content-Length': '366', 'Connection': 'keep-alive', 'access-control-allow-origin': '*', 'openai-organization': 'user-iuzr4pr2vxuax23srg1iajvu', 'openai-processing-ms': '439', 'openai-version': '2020-10-01', 'strict-transport-security': 'max-age=15724800; includeSubDomains', 'x-ratelimit-limit-requests': '10000', 'x-ratelimit-limit-tokens': '1000000', 'x-ratelimit-limit-tokens_usage_based': '1000000', 'x-ratelimit-remaining-requests': '9999', 'x-ratelimit-remaining-tokens': '997969', 'x-ratelimit-remaining-tokens_usage_based': '997969', 'x-ratelimit-reset-requests': '6ms', 'x-ratelimit-reset-tokens': '121ms', 'x-ratelimit-reset-tokens_usage_based': '121ms', 'x-request-id': '1731d48187607e00d8170ea6950cd936', 'CF-Cache-Status': 'DYNAMIC', 'Set-Cookie': '__cf_bm=_DxKRxHHTL7nVJzrA7NFFmvEQ3fHSh_3JnUfbUEvGbw-1700606606-0-Ac3W5lWmiDvBm5k1HdGfKNlRp+nfjn0uwvR8zxkX77Uv/AcQc0u20qrpLvUWhsNVE+SFxmG7Obv0Acj3sCoMxzo=; path=/; expires=Tue, 21-Nov-23 23:13:26 GMT; domain=.api.openai.com; HttpOnly; Secure; SameSite=None, _cfuvid=xjIA2bfmG02VteaqrxbDSuPB5bQljd0kgc8Az.IqVvE-1700606606424-0-604800000; path=/; domain=.api.openai.com; HttpOnly; Secure; SameSite=None', 'Server': 'cloudflare', 'CF-RAY': '829c7394ec38dc57-LHR', 'alt-svc': 'h3=":443"; ma=86400'}
Exception on /explain_concept [POST]
Traceback (most recent call last):
  File "C:\Users\LENOVO\Desktop\work\mkd\youtubeproject\app.py", line 135, in explain_concept
    response = openai.ChatCompletion.create(
               ^^^^^^^^^^^^^^^^^^^^^^^^^^^^^
  File "C:\Users\LENOVO\AppData\Local\Programs\Python\Python311\Lib\site-packages\openai\api_resources\chat_completion.py", line 25, in create
    return super().create(*args, **kwargs)
           ^^^^^^^^^^^^^^^^^^^^^^^^^^^^^^^
  File "C:\Users\LENOVO\AppData\Local\Programs\Python\Python311\Lib\site-packages\openai\api_resources\abstract\engine_api_resource.py", line 153, in create
    response, _, api_key = requestor.request(
                           ^^^^^^^^^^^^^^^^^^
  File "C:\Users\LENOVO\AppData\Local\Programs\Python\Python311\Lib\site-packages\openai\api_requestor.py", line 298, in request
    resp, got_stream = self._interpret_response(result, stream)
                       ^^^^^^^^^^^^^^^^^^^^^^^^^^^^^^^^^^^^^^^^
  File "C:\Users\LENOVO\AppData\Local\Programs\Python\Python311\Lib\site-packages\openai\api_requestor.py", line 700, in _interpret_response
    self._interpret_response_line(
  File "C:\Users\LENOVO\AppData\Local\Programs\Python\Python311\Lib\site-packages\openai\api_requestor.py", line 765, in _interpret_response_line
    raise self.handle_error_response(
openai.error.APIError: The server had an error processing your request. Sorry about that! You can retry your request, or contact us through our help center at help.openai.com if you keep seeing this error. (Please include the request ID 1731d48187607e00d8170ea6950cd936 in your email.) {
  "error": {
    "message": "The server had an error processing your request. Sorry about that! You can retry your request, or contact us through our help center at help.openai.com if you keep seeing this error. (Please include the request ID 1731d48187607e00d8170ea6950cd936 in your email.)",
    "type": "server_error",
    "param": null,
    "code": null
  }
}
 500 {'error': {'message': 'The server had an error processing your request. Sorry about that! You can retry your request, or contact us through our help center at help.openai.com if you keep seeing this error. (Please include the request ID 1731d48187607e00d8170ea6950cd936 in your email.)', 'type': 'server_error', 'param': None, 'code': None}} {'Date': 'Tue, 21 Nov 2023 22:43:26 GMT', 'Content-Type': 'application/json', 'Content-Length': '366', 'Connection': 'keep-alive', 'access-control-allow-origin': '*', 'openai-organization': 'user-iuzr4pr2vxuax23srg1iajvu', 'openai-processing-ms': '439', 'openai-version': '2020-10-01', 'strict-transport-security': 'max-age=15724800; includeSubDomains', 'x-ratelimit-limit-requests': '10000', 'x-ratelimit-limit-tokens': '1000000', 'x-ratelimit-limit-tokens_usage_based': '1000000', 'x-ratelimit-remaining-requests': '9999', 'x-ratelimit-remaining-tokens': '997969', 'x-ratelimit-remaining-tokens_usage_based': '997969', 'x-ratelimit-reset-requests': '6ms', 'x-ratelimit-reset-tokens': '121ms', 'x-ratelimit-reset-tokens_usage_based': '121ms', 'x-request-id': '1731d48187607e00d8170ea6950cd936', 'CF-Cache-Status': 'DYNAMIC', 'Set-Cookie': '__cf_bm=_DxKRxHHTL7nVJzrA7NFFmvEQ3fHSh_3JnUfbUEvGbw-1700606606-0-Ac3W5lWmiDvBm5k1HdGfKNlRp+nfjn0uwvR8zxkX77Uv/AcQc0u20qrpLvUWhsNVE+SFxmG7Obv0Acj3sCoMxzo=; path=/; expires=Tue, 21-Nov-23 23:13:26 GMT; domain=.api.openai.com; HttpOnly; Secure; SameSite=None, _cfuvid=xjIA2bfmG02VteaqrxbDSuPB5bQljd0kgc8Az.IqVvE-1700606606424-0-604800000; path=/; domain=.api.openai.com; HttpOnly; Secure; SameSite=None', 'Server': 'cloudflare', 'CF-RAY': '829c7394ec38dc57-LHR', 'alt-svc': 'h3=":443"; ma=86400'}

During handling of the above exception, another exception occurred:

Traceback (most recent call last):
  File "C:\Users\LENOVO\AppData\Local\Programs\Python\Python311\Lib\site-packages\flask\app.py", line 1455, in wsgi_app
    response = self.full_dispatch_request()
               ^^^^^^^^^^^^^^^^^^^^^^^^^^^^
  File "C:\Users\LENOVO\AppData\Local\Programs\Python\Python311\Lib\site-packages\flask\app.py", line 869, in full_dispatch_request
    rv = self.handle_user_exception(e)
         ^^^^^^^^^^^^^^^^^^^^^^^^^^^^^
  File "C:\Users\LENOVO\AppData\Local\Programs\Python\Python311\Lib\site-packages\flask_cors\extension.py", line 176, in wrapped_function
    return cors_after_request(app.make_response(f(*args, **kwargs)))
                                                ^^^^^^^^^^^^^^^^^^
  File "C:\Users\LENOVO\AppData\Local\Programs\Python\Python311\Lib\site-packages\flask\app.py", line 867, in full_dispatch_request
    rv = self.dispatch_request()
         ^^^^^^^^^^^^^^^^^^^^^^^
  File "C:\Users\LENOVO\AppData\Local\Programs\Python\Python311\Lib\site-packages\flask\app.py", line 852, in dispatch_request
    return self.ensure_sync(self.view_functions[rule.endpoint])(**view_args)
           ^^^^^^^^^^^^^^^^^^^^^^^^^^^^^^^^^^^^^^^^^^^^^^^^^^^^^^^^^^^^^^^^^
  File "C:\Users\LENOVO\Desktop\work\mkd\youtubeproject\app.py", line 148, in explain_concept
    return jsonify({"error":e})
           ^^^^^^^^^^^^^^^^^^^^
  File "C:\Users\LENOVO\AppData\Local\Programs\Python\Python311\Lib\site-packages\flask\json\__init__.py", line 170, in jsonify
    return current_app.json.response(*args, **kwargs)
           ^^^^^^^^^^^^^^^^^^^^^^^^^^^^^^^^^^^^^^^^^^
  File "C:\Users\LENOVO\AppData\Local\Programs\Python\Python311\Lib\site-packages\flask\json\provider.py", line 215, in response
    f"{self.dumps(obj, **dump_args)}\n", mimetype=self.mimetype
       ^^^^^^^^^^^^^^^^^^^^^^^^^^^^
  File "C:\Users\LENOVO\AppData\Local\Programs\Python\Python311\Lib\site-packages\flask\json\provider.py", line 180, in dumps
    return json.dumps(obj, **kwargs)
           ^^^^^^^^^^^^^^^^^^^^^^^^^
  File "C:\Users\LENOVO\AppData\Local\Programs\Python\Python311\Lib\json\__init__.py", line 238, in dumps
    **kw).encode(obj)
          ^^^^^^^^^^^
  File "C:\Users\LENOVO\AppData\Local\Programs\Python\Python311\Lib\json\encoder.py", line 200, in encode
    chunks = self.iterencode(o, _one_shot=True)
             ^^^^^^^^^^^^^^^^^^^^^^^^^^^^^^^^^^
  File "C:\Users\LENOVO\AppData\Local\Programs\Python\Python311\Lib\json\encoder.py", line 258, in iterencode
    return _iterencode(o, 0)
           ^^^^^^^^^^^^^^^^^
  File "C:\Users\LENOVO\AppData\Local\Programs\Python\Python311\Lib\site-packages\flask\json\provider.py", line 120, in _default
    raise TypeError(f"Object of type {type(o).__name__} is not JSON serializable")
TypeError: Object of type APIError is not JSON serializable
Stated Time on explain concept: 2023-11-21 23:43:27
Concept Name: Explain the concept of photosynthesis.
Error: The server had an error processing your request. Sorry about that! You can retry your request, or contact us through our help center at help.openai.com if you keep seeing this error. (Please include the request ID 6c350cec87dfe1d4d860fd494b342dce in your email.) {
  "error": {
    "message": "The server had an error processing your request. Sorry about that! You can retry your request, or contact us through our help center at help.openai.com if you keep seeing this error. (Please include the request ID 6c350cec87dfe1d4d860fd494b342dce in your email.)",
    "type": "server_error",
    "param": null,
    "code": null
  }
}
 500 {'error': {'message': 'The server had an error processing your request. Sorry about that! You can retry your request, or contact us through our help center at help.openai.com if you keep seeing this error. (Please include the request ID 6c350cec87dfe1d4d860fd494b342dce in your email.)', 'type': 'server_error', 'param': None, 'code': None}} {'Date': 'Tue, 21 Nov 2023 22:43:29 GMT', 'Content-Type': 'application/json', 'Content-Length': '366', 'Connection': 'keep-alive', 'access-control-allow-origin': '*', 'openai-organization': 'user-iuzr4pr2vxuax23srg1iajvu', 'openai-processing-ms': '189', 'openai-version': '2020-10-01', 'strict-transport-security': 'max-age=15724800; includeSubDomains', 'x-ratelimit-limit-requests': '10000', 'x-ratelimit-limit-tokens': '1000000', 'x-ratelimit-limit-tokens_usage_based': '1000000', 'x-ratelimit-remaining-requests': '9999', 'x-ratelimit-remaining-tokens': '997968', 'x-ratelimit-remaining-tokens_usage_based': '997968', 'x-ratelimit-reset-requests': '6ms', 'x-ratelimit-reset-tokens': '121ms', 'x-ratelimit-reset-tokens_usage_based': '121ms', 'x-request-id': '6c350cec87dfe1d4d860fd494b342dce', 'CF-Cache-Status': 'DYNAMIC', 'Set-Cookie': '__cf_bm=juYMYBvom5SEL3TskfSgMissYYzNMj7U1gSSG9dnsSs-1700606609-0-AcmpixuA6O2PpWYzMhn6dZ2iP0EySKwgpPZ5pNV7ugJQt+tMrh3gnGFFi8Ra96DpEyltSbe8KXCCcrEGtMSHzGc=; path=/; expires=Tue, 21-Nov-23 23:13:29 GMT; domain=.api.openai.com; HttpOnly; Secure; SameSite=None, _cfuvid=6V4zGDbbe6DzedqyKSc6x8SqrBuHDcCMIc05PK74GrA-1700606609528-0-604800000; path=/; domain=.api.openai.com; HttpOnly; Secure; SameSite=None', 'Server': 'cloudflare', 'CF-RAY': '829c73aad99b6340-LHR', 'alt-svc': 'h3=":443"; ma=86400'}
Exception on /explain_concept [POST]
Traceback (most recent call last):
  File "C:\Users\LENOVO\Desktop\work\mkd\youtubeproject\app.py", line 135, in explain_concept
    response = openai.ChatCompletion.create(
               ^^^^^^^^^^^^^^^^^^^^^^^^^^^^^
  File "C:\Users\LENOVO\AppData\Local\Programs\Python\Python311\Lib\site-packages\openai\api_resources\chat_completion.py", line 25, in create
    return super().create(*args, **kwargs)
           ^^^^^^^^^^^^^^^^^^^^^^^^^^^^^^^
  File "C:\Users\LENOVO\AppData\Local\Programs\Python\Python311\Lib\site-packages\openai\api_resources\abstract\engine_api_resource.py", line 153, in create
    response, _, api_key = requestor.request(
                           ^^^^^^^^^^^^^^^^^^
  File "C:\Users\LENOVO\AppData\Local\Programs\Python\Python311\Lib\site-packages\openai\api_requestor.py", line 298, in request
    resp, got_stream = self._interpret_response(result, stream)
                       ^^^^^^^^^^^^^^^^^^^^^^^^^^^^^^^^^^^^^^^^
  File "C:\Users\LENOVO\AppData\Local\Programs\Python\Python311\Lib\site-packages\openai\api_requestor.py", line 700, in _interpret_response
    self._interpret_response_line(
  File "C:\Users\LENOVO\AppData\Local\Programs\Python\Python311\Lib\site-packages\openai\api_requestor.py", line 765, in _interpret_response_line
    raise self.handle_error_response(
openai.error.APIError: The server had an error processing your request. Sorry about that! You can retry your request, or contact us through our help center at help.openai.com if you keep seeing this error. (Please include the request ID 6c350cec87dfe1d4d860fd494b342dce in your email.) {
  "error": {
    "message": "The server had an error processing your request. Sorry about that! You can retry your request, or contact us through our help center at help.openai.com if you keep seeing this error. (Please include the request ID 6c350cec87dfe1d4d860fd494b342dce in your email.)",
    "type": "server_error",
    "param": null,
    "code": null
  }
}
 500 {'error': {'message': 'The server had an error processing your request. Sorry about that! You can retry your request, or contact us through our help center at help.openai.com if you keep seeing this error. (Please include the request ID 6c350cec87dfe1d4d860fd494b342dce in your email.)', 'type': 'server_error', 'param': None, 'code': None}} {'Date': 'Tue, 21 Nov 2023 22:43:29 GMT', 'Content-Type': 'application/json', 'Content-Length': '366', 'Connection': 'keep-alive', 'access-control-allow-origin': '*', 'openai-organization': 'user-iuzr4pr2vxuax23srg1iajvu', 'openai-processing-ms': '189', 'openai-version': '2020-10-01', 'strict-transport-security': 'max-age=15724800; includeSubDomains', 'x-ratelimit-limit-requests': '10000', 'x-ratelimit-limit-tokens': '1000000', 'x-ratelimit-limit-tokens_usage_based': '1000000', 'x-ratelimit-remaining-requests': '9999', 'x-ratelimit-remaining-tokens': '997968', 'x-ratelimit-remaining-tokens_usage_based': '997968', 'x-ratelimit-reset-requests': '6ms', 'x-ratelimit-reset-tokens': '121ms', 'x-ratelimit-reset-tokens_usage_based': '121ms', 'x-request-id': '6c350cec87dfe1d4d860fd494b342dce', 'CF-Cache-Status': 'DYNAMIC', 'Set-Cookie': '__cf_bm=juYMYBvom5SEL3TskfSgMissYYzNMj7U1gSSG9dnsSs-1700606609-0-AcmpixuA6O2PpWYzMhn6dZ2iP0EySKwgpPZ5pNV7ugJQt+tMrh3gnGFFi8Ra96DpEyltSbe8KXCCcrEGtMSHzGc=; path=/; expires=Tue, 21-Nov-23 23:13:29 GMT; domain=.api.openai.com; HttpOnly; Secure; SameSite=None, _cfuvid=6V4zGDbbe6DzedqyKSc6x8SqrBuHDcCMIc05PK74GrA-1700606609528-0-604800000; path=/; domain=.api.openai.com; HttpOnly; Secure; SameSite=None', 'Server': 'cloudflare', 'CF-RAY': '829c73aad99b6340-LHR', 'alt-svc': 'h3=":443"; ma=86400'}

During handling of the above exception, another exception occurred:

Traceback (most recent call last):
  File "C:\Users\LENOVO\AppData\Local\Programs\Python\Python311\Lib\site-packages\flask\app.py", line 1455, in wsgi_app
    response = self.full_dispatch_request()
               ^^^^^^^^^^^^^^^^^^^^^^^^^^^^
  File "C:\Users\LENOVO\AppData\Local\Programs\Python\Python311\Lib\site-packages\flask\app.py", line 869, in full_dispatch_request
    rv = self.handle_user_exception(e)
         ^^^^^^^^^^^^^^^^^^^^^^^^^^^^^
  File "C:\Users\LENOVO\AppData\Local\Programs\Python\Python311\Lib\site-packages\flask_cors\extension.py", line 176, in wrapped_function
    return cors_after_request(app.make_response(f(*args, **kwargs)))
                                                ^^^^^^^^^^^^^^^^^^
  File "C:\Users\LENOVO\AppData\Local\Programs\Python\Python311\Lib\site-packages\flask\app.py", line 867, in full_dispatch_request
    rv = self.dispatch_request()
         ^^^^^^^^^^^^^^^^^^^^^^^
  File "C:\Users\LENOVO\AppData\Local\Programs\Python\Python311\Lib\site-packages\flask\app.py", line 852, in dispatch_request
    return self.ensure_sync(self.view_functions[rule.endpoint])(**view_args)
           ^^^^^^^^^^^^^^^^^^^^^^^^^^^^^^^^^^^^^^^^^^^^^^^^^^^^^^^^^^^^^^^^^
  File "C:\Users\LENOVO\Desktop\work\mkd\youtubeproject\app.py", line 148, in explain_concept
    return jsonify({"error":e})
           ^^^^^^^^^^^^^^^^^^^^
  File "C:\Users\LENOVO\AppData\Local\Programs\Python\Python311\Lib\site-packages\flask\json\__init__.py", line 170, in jsonify
    return current_app.json.response(*args, **kwargs)
           ^^^^^^^^^^^^^^^^^^^^^^^^^^^^^^^^^^^^^^^^^^
  File "C:\Users\LENOVO\AppData\Local\Programs\Python\Python311\Lib\site-packages\flask\json\provider.py", line 215, in response
    f"{self.dumps(obj, **dump_args)}\n", mimetype=self.mimetype
       ^^^^^^^^^^^^^^^^^^^^^^^^^^^^
  File "C:\Users\LENOVO\AppData\Local\Programs\Python\Python311\Lib\site-packages\flask\json\provider.py", line 180, in dumps
    return json.dumps(obj, **kwargs)
           ^^^^^^^^^^^^^^^^^^^^^^^^^
  File "C:\Users\LENOVO\AppData\Local\Programs\Python\Python311\Lib\json\__init__.py", line 238, in dumps
    **kw).encode(obj)
          ^^^^^^^^^^^
  File "C:\Users\LENOVO\AppData\Local\Programs\Python\Python311\Lib\json\encoder.py", line 200, in encode
    chunks = self.iterencode(o, _one_shot=True)
             ^^^^^^^^^^^^^^^^^^^^^^^^^^^^^^^^^^
  File "C:\Users\LENOVO\AppData\Local\Programs\Python\Python311\Lib\json\encoder.py", line 258, in iterencode
    return _iterencode(o, 0)
           ^^^^^^^^^^^^^^^^^
  File "C:\Users\LENOVO\AppData\Local\Programs\Python\Python311\Lib\site-packages\flask\json\provider.py", line 120, in _default
    raise TypeError(f"Object of type {type(o).__name__} is not JSON serializable")
TypeError: Object of type APIError is not JSON serializable
Stated Time on explain concept: 2023-11-21 23:44:15
Concept Name: Explain the concept of photosynthesis.
Error: The server had an error processing your request. Sorry about that! You can retry your request, or contact us through our help center at help.openai.com if you keep seeing this error. (Please include the request ID 662f85fcbb8fab8a34e4873f1a36c2e4 in your email.) {
  "error": {
    "message": "The server had an error processing your request. Sorry about that! You can retry your request, or contact us through our help center at help.openai.com if you keep seeing this error. (Please include the request ID 662f85fcbb8fab8a34e4873f1a36c2e4 in your email.)",
    "type": "server_error",
    "param": null,
    "code": null
  }
}
 500 {'error': {'message': 'The server had an error processing your request. Sorry about that! You can retry your request, or contact us through our help center at help.openai.com if you keep seeing this error. (Please include the request ID 662f85fcbb8fab8a34e4873f1a36c2e4 in your email.)', 'type': 'server_error', 'param': None, 'code': None}} {'Date': 'Tue, 21 Nov 2023 22:44:17 GMT', 'Content-Type': 'application/json', 'Content-Length': '366', 'Connection': 'keep-alive', 'access-control-allow-origin': '*', 'openai-organization': 'user-iuzr4pr2vxuax23srg1iajvu', 'openai-processing-ms': '381', 'openai-version': '2020-10-01', 'strict-transport-security': 'max-age=15724800; includeSubDomains', 'x-ratelimit-limit-requests': '10000', 'x-ratelimit-limit-tokens': '1000000', 'x-ratelimit-limit-tokens_usage_based': '1000000', 'x-ratelimit-remaining-requests': '9999', 'x-ratelimit-remaining-tokens': '997968', 'x-ratelimit-remaining-tokens_usage_based': '997968', 'x-ratelimit-reset-requests': '6ms', 'x-ratelimit-reset-tokens': '121ms', 'x-ratelimit-reset-tokens_usage_based': '121ms', 'x-request-id': '662f85fcbb8fab8a34e4873f1a36c2e4', 'CF-Cache-Status': 'DYNAMIC', 'Set-Cookie': '__cf_bm=pMvQVgcMbn6BmTpXX7lZGtTnzjPKH_Xj11lXs02zvdQ-1700606657-0-AZNZlcOPTO3gBJ+PsWWVl2RWpDD0PXdydX9sCv9Swh/DrTtzOZn3RGU+63FBnOVKkpDGhE08Q74mkj6edFWU2L0=; path=/; expires=Tue, 21-Nov-23 23:14:17 GMT; domain=.api.openai.com; HttpOnly; Secure; SameSite=None, _cfuvid=ScKJTz9NIIyUxSbFLgv_TcyI2Q.lFTUL0sjrCzMwK.U-1700606657791-0-604800000; path=/; domain=.api.openai.com; HttpOnly; Secure; SameSite=None', 'Server': 'cloudflare', 'CF-RAY': '829c74d76caa24d5-LHR', 'alt-svc': 'h3=":443"; ma=86400'}
Exception on /explain_concept [POST]
Traceback (most recent call last):
  File "C:\Users\LENOVO\Desktop\work\mkd\youtubeproject\app.py", line 135, in explain_concept
    response = openai.ChatCompletion.create(
               ^^^^^^^^^^^^^^^^^^^^^^^^^^^^^
  File "C:\Users\LENOVO\AppData\Local\Programs\Python\Python311\Lib\site-packages\openai\api_resources\chat_completion.py", line 25, in create
    return super().create(*args, **kwargs)
           ^^^^^^^^^^^^^^^^^^^^^^^^^^^^^^^
  File "C:\Users\LENOVO\AppData\Local\Programs\Python\Python311\Lib\site-packages\openai\api_resources\abstract\engine_api_resource.py", line 153, in create
    response, _, api_key = requestor.request(
                           ^^^^^^^^^^^^^^^^^^
  File "C:\Users\LENOVO\AppData\Local\Programs\Python\Python311\Lib\site-packages\openai\api_requestor.py", line 298, in request
    resp, got_stream = self._interpret_response(result, stream)
                       ^^^^^^^^^^^^^^^^^^^^^^^^^^^^^^^^^^^^^^^^
  File "C:\Users\LENOVO\AppData\Local\Programs\Python\Python311\Lib\site-packages\openai\api_requestor.py", line 700, in _interpret_response
    self._interpret_response_line(
  File "C:\Users\LENOVO\AppData\Local\Programs\Python\Python311\Lib\site-packages\openai\api_requestor.py", line 765, in _interpret_response_line
    raise self.handle_error_response(
openai.error.APIError: The server had an error processing your request. Sorry about that! You can retry your request, or contact us through our help center at help.openai.com if you keep seeing this error. (Please include the request ID 662f85fcbb8fab8a34e4873f1a36c2e4 in your email.) {
  "error": {
    "message": "The server had an error processing your request. Sorry about that! You can retry your request, or contact us through our help center at help.openai.com if you keep seeing this error. (Please include the request ID 662f85fcbb8fab8a34e4873f1a36c2e4 in your email.)",
    "type": "server_error",
    "param": null,
    "code": null
  }
}
 500 {'error': {'message': 'The server had an error processing your request. Sorry about that! You can retry your request, or contact us through our help center at help.openai.com if you keep seeing this error. (Please include the request ID 662f85fcbb8fab8a34e4873f1a36c2e4 in your email.)', 'type': 'server_error', 'param': None, 'code': None}} {'Date': 'Tue, 21 Nov 2023 22:44:17 GMT', 'Content-Type': 'application/json', 'Content-Length': '366', 'Connection': 'keep-alive', 'access-control-allow-origin': '*', 'openai-organization': 'user-iuzr4pr2vxuax23srg1iajvu', 'openai-processing-ms': '381', 'openai-version': '2020-10-01', 'strict-transport-security': 'max-age=15724800; includeSubDomains', 'x-ratelimit-limit-requests': '10000', 'x-ratelimit-limit-tokens': '1000000', 'x-ratelimit-limit-tokens_usage_based': '1000000', 'x-ratelimit-remaining-requests': '9999', 'x-ratelimit-remaining-tokens': '997968', 'x-ratelimit-remaining-tokens_usage_based': '997968', 'x-ratelimit-reset-requests': '6ms', 'x-ratelimit-reset-tokens': '121ms', 'x-ratelimit-reset-tokens_usage_based': '121ms', 'x-request-id': '662f85fcbb8fab8a34e4873f1a36c2e4', 'CF-Cache-Status': 'DYNAMIC', 'Set-Cookie': '__cf_bm=pMvQVgcMbn6BmTpXX7lZGtTnzjPKH_Xj11lXs02zvdQ-1700606657-0-AZNZlcOPTO3gBJ+PsWWVl2RWpDD0PXdydX9sCv9Swh/DrTtzOZn3RGU+63FBnOVKkpDGhE08Q74mkj6edFWU2L0=; path=/; expires=Tue, 21-Nov-23 23:14:17 GMT; domain=.api.openai.com; HttpOnly; Secure; SameSite=None, _cfuvid=ScKJTz9NIIyUxSbFLgv_TcyI2Q.lFTUL0sjrCzMwK.U-1700606657791-0-604800000; path=/; domain=.api.openai.com; HttpOnly; Secure; SameSite=None', 'Server': 'cloudflare', 'CF-RAY': '829c74d76caa24d5-LHR', 'alt-svc': 'h3=":443"; ma=86400'}

During handling of the above exception, another exception occurred:

Traceback (most recent call last):
  File "C:\Users\LENOVO\AppData\Local\Programs\Python\Python311\Lib\site-packages\flask\app.py", line 1455, in wsgi_app
    response = self.full_dispatch_request()
               ^^^^^^^^^^^^^^^^^^^^^^^^^^^^
  File "C:\Users\LENOVO\AppData\Local\Programs\Python\Python311\Lib\site-packages\flask\app.py", line 869, in full_dispatch_request
    rv = self.handle_user_exception(e)
         ^^^^^^^^^^^^^^^^^^^^^^^^^^^^^
  File "C:\Users\LENOVO\AppData\Local\Programs\Python\Python311\Lib\site-packages\flask_cors\extension.py", line 176, in wrapped_function
    return cors_after_request(app.make_response(f(*args, **kwargs)))
                                                ^^^^^^^^^^^^^^^^^^
  File "C:\Users\LENOVO\AppData\Local\Programs\Python\Python311\Lib\site-packages\flask\app.py", line 867, in full_dispatch_request
    rv = self.dispatch_request()
         ^^^^^^^^^^^^^^^^^^^^^^^
  File "C:\Users\LENOVO\AppData\Local\Programs\Python\Python311\Lib\site-packages\flask\app.py", line 852, in dispatch_request
    return self.ensure_sync(self.view_functions[rule.endpoint])(**view_args)
           ^^^^^^^^^^^^^^^^^^^^^^^^^^^^^^^^^^^^^^^^^^^^^^^^^^^^^^^^^^^^^^^^^
  File "C:\Users\LENOVO\Desktop\work\mkd\youtubeproject\app.py", line 148, in explain_concept
    return jsonify({"error":e})
           ^^^^^^^^^^^^^^^^^^^^
  File "C:\Users\LENOVO\AppData\Local\Programs\Python\Python311\Lib\site-packages\flask\json\__init__.py", line 170, in jsonify
    return current_app.json.response(*args, **kwargs)
           ^^^^^^^^^^^^^^^^^^^^^^^^^^^^^^^^^^^^^^^^^^
  File "C:\Users\LENOVO\AppData\Local\Programs\Python\Python311\Lib\site-packages\flask\json\provider.py", line 215, in response
    f"{self.dumps(obj, **dump_args)}\n", mimetype=self.mimetype
       ^^^^^^^^^^^^^^^^^^^^^^^^^^^^
  File "C:\Users\LENOVO\AppData\Local\Programs\Python\Python311\Lib\site-packages\flask\json\provider.py", line 180, in dumps
    return json.dumps(obj, **kwargs)
           ^^^^^^^^^^^^^^^^^^^^^^^^^
  File "C:\Users\LENOVO\AppData\Local\Programs\Python\Python311\Lib\json\__init__.py", line 238, in dumps
    **kw).encode(obj)
          ^^^^^^^^^^^
  File "C:\Users\LENOVO\AppData\Local\Programs\Python\Python311\Lib\json\encoder.py", line 200, in encode
    chunks = self.iterencode(o, _one_shot=True)
             ^^^^^^^^^^^^^^^^^^^^^^^^^^^^^^^^^^
  File "C:\Users\LENOVO\AppData\Local\Programs\Python\Python311\Lib\json\encoder.py", line 258, in iterencode
    return _iterencode(o, 0)
           ^^^^^^^^^^^^^^^^^
  File "C:\Users\LENOVO\AppData\Local\Programs\Python\Python311\Lib\site-packages\flask\json\provider.py", line 120, in _default
    raise TypeError(f"Object of type {type(o).__name__} is not JSON serializable")
TypeError: Object of type APIError is not JSON serializable
Stated Time on study plan creator: 2023-11-21 23:45:32
Goal: I want to learn data science using python
Timeframe: 5 weeks
Project Type: Senior Engineer
Reference Preference: google
Response: Week 1:
- Spend the first week getting familiar with Python programming language. Start with basic syntax, data types, variables, and operators.
- Explore the Google Python Style Guide to understand the best practices for writing clean and efficient code.
- Complete online tutorials and exercises to practice Python programming.

Week 2:
- Dive into the fundamentals of data science. Learn about data types, data structures, and data manipulation using Python libraries such as NumPy and Pandas.
- Explore different data visualization techniques using libraries like Matplotlib and Seaborn.
- Practice working with real-world datasets and perform basic data analysis tasks.

Week 3:
- Start learning about machine learning algorithms and techniques. Begin with supervised learning algorithms such as linear regression, logistic regression, and decision trees.
- Understand the concepts of model evaluation and validation techniques.
- Implement these algorithms using Python libraries like scikit-learn.

Week 4:
- Continue exploring machine learning by studying unsupervised learning algorithms such as clustering and dimensionality reduction.
- Learn about popular algorithms like K-means clustering and Principal Component Analysis (PCA).
- Practice implementing these algorithms on real-world datasets.

Week 5:
- Focus on advanced topics in data science such as natural language processing (NLP) and deep learning.
- Learn about NLP techniques like text preprocessing, sentiment analysis, and text classification.
- Get an introduction to deep learning concepts and frameworks like TensorFlow or Keras.
- Implement a simple deep learning model for a specific task.

Throughout the 5 weeks:
- Regularly practice coding by solving coding challenges and participating in online coding platforms like HackerRank or LeetCode.
- Join online communities and forums related to data science and Python programming to ask questions and learn from others.
- Work on personal projects to apply your knowledge and build a portfolio.
- Read books and articles on data science and Python to deepen your understanding.

Remember to adapt this study plan based on your progress and learning pace. Good luck on your journey to becoming a Senior Engineer and General Coding Expert in data science using Python!
End Time on study plan creator: 2023-11-21 23:45:43
Stated Time on explain concept: 2023-11-21 23:46:08
Concept Name: Explain the concept of photosynthesis.
Response: Photosynthesis is the process by which green plants, algae, and some bacteria convert sunlight, carbon dioxide, and water into glucose (a type of sugar) and oxygen. This process is vital for the survival of most life forms on Earth, as it is the primary source of oxygen and food.

During photosynthesis, plants use a pigment called chlorophyll, which is found in their chloroplasts (specialized structures within plant cells). Chlorophyll absorbs sunlight, particularly in the red and blue regions of the electromagnetic spectrum, while reflecting green light, which is why plants appear green to our eyes.

The process of photosynthesis can be divided into two main stages: the light-dependent reactions and the light-independent reactions (also known as the Calvin cycle).

1. Light-dependent reactions: These reactions occur in the thylakoid membranes of the chloroplasts. Sunlight is absorbed by chlorophyll, which energizes electrons in the chlorophyll molecules. These energized electrons are then passed through a series of electron carriers, creating energy-rich molecules such as ATP (adenosine triphosphate) and NADPH (nicotinamide adenine dinucleotide phosphate). Water molecules are also split, releasing oxygen as a byproduct.

2. Light-independent reactions (Calvin cycle): These reactions take place in the stroma of the chloroplasts. The ATP and NADPH generated in the light-dependent reactions are used to convert carbon dioxide into glucose. This process involves a series of chemical reactions known as the Calvin cycle, which uses enzymes to convert carbon dioxide molecules into sugar molecules.

By utilizing the energy from sunlight, plants are able to convert carbon dioxide and water into glucose, which serves as a source of energy for growth, reproduction, and other metabolic processes. Oxygen is released as a byproduct, which is essential for the survival of many organisms, including humans.

To find free video resources on photosynthesis, you can explore educational platforms like Khan Academy, YouTube, and TED-Ed. These platforms offer a wide range of videos explaining the concept of photosynthesis in an engaging and informative manner.
End Time on explain concept: 2023-11-21 23:46:19
Stated Time on build project: 2023-11-21 23:46:55
Goal: I want to build an ecommerce website.
Project Type: Senior Engineer
Time Constraint: 4 weeks
Error: The server had an error processing your request. Sorry about that! You can retry your request, or contact us through our help center at help.openai.com if you keep seeing this error. (Please include the request ID c138d386c956ce1c091694579e0ce263 in your email.) {
  "error": {
    "message": "The server had an error processing your request. Sorry about that! You can retry your request, or contact us through our help center at help.openai.com if you keep seeing this error. (Please include the request ID c138d386c956ce1c091694579e0ce263 in your email.)",
    "type": "server_error",
    "param": null,
    "code": null
  }
}
 500 {'error': {'message': 'The server had an error processing your request. Sorry about that! You can retry your request, or contact us through our help center at help.openai.com if you keep seeing this error. (Please include the request ID c138d386c956ce1c091694579e0ce263 in your email.)', 'type': 'server_error', 'param': None, 'code': None}} {'Date': 'Tue, 21 Nov 2023 22:46:57 GMT', 'Content-Type': 'application/json', 'Content-Length': '366', 'Connection': 'keep-alive', 'access-control-allow-origin': '*', 'openai-organization': 'user-iuzr4pr2vxuax23srg1iajvu', 'openai-processing-ms': '176', 'openai-version': '2020-10-01', 'strict-transport-security': 'max-age=15724800; includeSubDomains', 'x-ratelimit-limit-requests': '10000', 'x-ratelimit-limit-tokens': '1000000', 'x-ratelimit-limit-tokens_usage_based': '1000000', 'x-ratelimit-remaining-requests': '9999', 'x-ratelimit-remaining-tokens': '997973', 'x-ratelimit-remaining-tokens_usage_based': '997973', 'x-ratelimit-reset-requests': '6ms', 'x-ratelimit-reset-tokens': '121ms', 'x-ratelimit-reset-tokens_usage_based': '121ms', 'x-request-id': 'c138d386c956ce1c091694579e0ce263', 'CF-Cache-Status': 'DYNAMIC', 'Set-Cookie': '__cf_bm=MDfgelmL8JnETiqDH2Bxsblsf7SfrI8s_Uq.4PCHAWQ-1700606817-0-AZM8ZnAhUOnLZ8DQDlscEMTk0wDEPMr+XHEoGuc/pE4ZlpHtJFdukm5IKX5s7YVDjMhNALAGRjfrpEQlTN4/88E=; path=/; expires=Tue, 21-Nov-23 23:16:57 GMT; domain=.api.openai.com; HttpOnly; Secure; SameSite=None, _cfuvid=qVPYyp6TuFEwrBRDb5QS1h6vinB4wmErrWsCmrVC8wM-1700606817280-0-604800000; path=/; domain=.api.openai.com; HttpOnly; Secure; SameSite=None', 'Server': 'cloudflare', 'CF-RAY': '829c78bdcd5b7457-LHR', 'alt-svc': 'h3=":443"; ma=86400'}
Exception on /build_project [POST]
Traceback (most recent call last):
  File "C:\Users\LENOVO\Desktop\work\mkd\youtubeproject\app.py", line 204, in build_project
    response = openai.ChatCompletion.create(
               ^^^^^^^^^^^^^^^^^^^^^^^^^^^^^
  File "C:\Users\LENOVO\AppData\Local\Programs\Python\Python311\Lib\site-packages\openai\api_resources\chat_completion.py", line 25, in create
    return super().create(*args, **kwargs)
           ^^^^^^^^^^^^^^^^^^^^^^^^^^^^^^^
  File "C:\Users\LENOVO\AppData\Local\Programs\Python\Python311\Lib\site-packages\openai\api_resources\abstract\engine_api_resource.py", line 153, in create
    response, _, api_key = requestor.request(
                           ^^^^^^^^^^^^^^^^^^
  File "C:\Users\LENOVO\AppData\Local\Programs\Python\Python311\Lib\site-packages\openai\api_requestor.py", line 298, in request
    resp, got_stream = self._interpret_response(result, stream)
                       ^^^^^^^^^^^^^^^^^^^^^^^^^^^^^^^^^^^^^^^^
  File "C:\Users\LENOVO\AppData\Local\Programs\Python\Python311\Lib\site-packages\openai\api_requestor.py", line 700, in _interpret_response
    self._interpret_response_line(
  File "C:\Users\LENOVO\AppData\Local\Programs\Python\Python311\Lib\site-packages\openai\api_requestor.py", line 765, in _interpret_response_line
    raise self.handle_error_response(
openai.error.APIError: The server had an error processing your request. Sorry about that! You can retry your request, or contact us through our help center at help.openai.com if you keep seeing this error. (Please include the request ID c138d386c956ce1c091694579e0ce263 in your email.) {
  "error": {
    "message": "The server had an error processing your request. Sorry about that! You can retry your request, or contact us through our help center at help.openai.com if you keep seeing this error. (Please include the request ID c138d386c956ce1c091694579e0ce263 in your email.)",
    "type": "server_error",
    "param": null,
    "code": null
  }
}
 500 {'error': {'message': 'The server had an error processing your request. Sorry about that! You can retry your request, or contact us through our help center at help.openai.com if you keep seeing this error. (Please include the request ID c138d386c956ce1c091694579e0ce263 in your email.)', 'type': 'server_error', 'param': None, 'code': None}} {'Date': 'Tue, 21 Nov 2023 22:46:57 GMT', 'Content-Type': 'application/json', 'Content-Length': '366', 'Connection': 'keep-alive', 'access-control-allow-origin': '*', 'openai-organization': 'user-iuzr4pr2vxuax23srg1iajvu', 'openai-processing-ms': '176', 'openai-version': '2020-10-01', 'strict-transport-security': 'max-age=15724800; includeSubDomains', 'x-ratelimit-limit-requests': '10000', 'x-ratelimit-limit-tokens': '1000000', 'x-ratelimit-limit-tokens_usage_based': '1000000', 'x-ratelimit-remaining-requests': '9999', 'x-ratelimit-remaining-tokens': '997973', 'x-ratelimit-remaining-tokens_usage_based': '997973', 'x-ratelimit-reset-requests': '6ms', 'x-ratelimit-reset-tokens': '121ms', 'x-ratelimit-reset-tokens_usage_based': '121ms', 'x-request-id': 'c138d386c956ce1c091694579e0ce263', 'CF-Cache-Status': 'DYNAMIC', 'Set-Cookie': '__cf_bm=MDfgelmL8JnETiqDH2Bxsblsf7SfrI8s_Uq.4PCHAWQ-1700606817-0-AZM8ZnAhUOnLZ8DQDlscEMTk0wDEPMr+XHEoGuc/pE4ZlpHtJFdukm5IKX5s7YVDjMhNALAGRjfrpEQlTN4/88E=; path=/; expires=Tue, 21-Nov-23 23:16:57 GMT; domain=.api.openai.com; HttpOnly; Secure; SameSite=None, _cfuvid=qVPYyp6TuFEwrBRDb5QS1h6vinB4wmErrWsCmrVC8wM-1700606817280-0-604800000; path=/; domain=.api.openai.com; HttpOnly; Secure; SameSite=None', 'Server': 'cloudflare', 'CF-RAY': '829c78bdcd5b7457-LHR', 'alt-svc': 'h3=":443"; ma=86400'}

During handling of the above exception, another exception occurred:

Traceback (most recent call last):
  File "C:\Users\LENOVO\AppData\Local\Programs\Python\Python311\Lib\site-packages\flask\app.py", line 1455, in wsgi_app
    response = self.full_dispatch_request()
               ^^^^^^^^^^^^^^^^^^^^^^^^^^^^
  File "C:\Users\LENOVO\AppData\Local\Programs\Python\Python311\Lib\site-packages\flask\app.py", line 869, in full_dispatch_request
    rv = self.handle_user_exception(e)
         ^^^^^^^^^^^^^^^^^^^^^^^^^^^^^
  File "C:\Users\LENOVO\AppData\Local\Programs\Python\Python311\Lib\site-packages\flask_cors\extension.py", line 176, in wrapped_function
    return cors_after_request(app.make_response(f(*args, **kwargs)))
                                                ^^^^^^^^^^^^^^^^^^
  File "C:\Users\LENOVO\AppData\Local\Programs\Python\Python311\Lib\site-packages\flask\app.py", line 867, in full_dispatch_request
    rv = self.dispatch_request()
         ^^^^^^^^^^^^^^^^^^^^^^^
  File "C:\Users\LENOVO\AppData\Local\Programs\Python\Python311\Lib\site-packages\flask\app.py", line 852, in dispatch_request
    return self.ensure_sync(self.view_functions[rule.endpoint])(**view_args)
           ^^^^^^^^^^^^^^^^^^^^^^^^^^^^^^^^^^^^^^^^^^^^^^^^^^^^^^^^^^^^^^^^^
  File "C:\Users\LENOVO\Desktop\work\mkd\youtubeproject\app.py", line 217, in build_project
    return jsonify({"error":e})
           ^^^^^^^^^^^^^^^^^^^^
  File "C:\Users\LENOVO\AppData\Local\Programs\Python\Python311\Lib\site-packages\flask\json\__init__.py", line 170, in jsonify
    return current_app.json.response(*args, **kwargs)
           ^^^^^^^^^^^^^^^^^^^^^^^^^^^^^^^^^^^^^^^^^^
  File "C:\Users\LENOVO\AppData\Local\Programs\Python\Python311\Lib\site-packages\flask\json\provider.py", line 215, in response
    f"{self.dumps(obj, **dump_args)}\n", mimetype=self.mimetype
       ^^^^^^^^^^^^^^^^^^^^^^^^^^^^
  File "C:\Users\LENOVO\AppData\Local\Programs\Python\Python311\Lib\site-packages\flask\json\provider.py", line 180, in dumps
    return json.dumps(obj, **kwargs)
           ^^^^^^^^^^^^^^^^^^^^^^^^^
  File "C:\Users\LENOVO\AppData\Local\Programs\Python\Python311\Lib\json\__init__.py", line 238, in dumps
    **kw).encode(obj)
          ^^^^^^^^^^^
  File "C:\Users\LENOVO\AppData\Local\Programs\Python\Python311\Lib\json\encoder.py", line 200, in encode
    chunks = self.iterencode(o, _one_shot=True)
             ^^^^^^^^^^^^^^^^^^^^^^^^^^^^^^^^^^
  File "C:\Users\LENOVO\AppData\Local\Programs\Python\Python311\Lib\json\encoder.py", line 258, in iterencode
    return _iterencode(o, 0)
           ^^^^^^^^^^^^^^^^^
  File "C:\Users\LENOVO\AppData\Local\Programs\Python\Python311\Lib\site-packages\flask\json\provider.py", line 120, in _default
    raise TypeError(f"Object of type {type(o).__name__} is not JSON serializable")
TypeError: Object of type APIError is not JSON serializable
Stated Time on build project: 2023-11-21 23:46:59
Goal: I want to build an ecommerce website.
Project Type: Senior Engineer
Time Constraint: 4 weeks
Response: Building an ecommerce website in just 4 weeks can be challenging, but with proper planning and dedication, it is definitely possible. Here are the steps you can follow to build your ecommerce website:

1. Define your requirements: Start by clearly defining your website's requirements. Determine what products you want to sell, the features you need (such as shopping cart, payment gateway integration, user registration, etc.), and any specific design preferences.

2. Choose a platform: Select an ecommerce platform that suits your needs. Popular options include WooCommerce (WordPress), Shopify, Magento, and BigCommerce. Consider factors like ease of use, customization options, scalability, and cost.

3. Set up hosting and domain: Purchase a domain name and set up hosting for your website. Ensure that the hosting provider offers good performance, security, and support.

4. Design and layout: Create a visually appealing and user-friendly design for your website. You can either use pre-designed templates or hire a web designer to create a custom design. Make sure the design is responsive, meaning it adapts well to different screen sizes.

5. Develop the website: Start coding the website using your chosen platform. Customize the design, add product categories, set up payment gateways, and integrate any necessary plugins or extensions. Ensure that the website is optimized for speed and search engine optimization (SEO).

6. Add product listings: Upload product images, descriptions, prices, and other relevant details to your website. Organize products into categories and ensure that the product pages are well-structured and informative.

7. Implement shopping cart and checkout: Set up a shopping cart system that allows users to add products, view their cart, and proceed to checkout. Integrate a secure payment gateway to handle transactions.

8. Test and optimize: Thoroughly test your website for any bugs, errors, or usability issues. Optimize the website's performance, load times, and user experience. Test the checkout process to ensure it is smooth and error-free.

9. Implement security measures: Implement security measures like SSL certificates, secure passwords, and regular backups to protect customer data and prevent any potential security breaches.

10. Launch and promote: Once you are satisfied with the website's functionality and design, launch it to the public. Promote your website through various marketing channels like social media, email marketing, and search engine optimization to attract customers.

Remember to allocate time for each step and prioritize tasks based on their importance. It's also a good idea to break down the project into smaller milestones to track progress effectively. Good luck with your ecommerce website development!
End Time on build project : 2023-11-21 23:47:11
