Stated Time on build project: 2023-11-21 19:41:52
Goal: create an exploratory data analysis python data science project about naruto the anime.
Project Type: coding
Time Constraint: 10
Response: Title: Exploratory Data Analysis of Naruto Anime

Introduction:
In this data science project, we will perform an exploratory data analysis on the popular anime series Naruto. Naruto is a Japanese manga and anime series written and illustrated by Masashi Kishimoto. The aim of this project is to gain insights into various aspects of the Naruto anime, such as character popularity, episode ratings, and character relationships.

Dataset:
To conduct this analysis, we will utilize a dataset containing information about Naruto episodes, characters, and their relationships. The dataset will include the following columns:

1. Episode Number: The episode number of the Naruto series.
2. Title: The title of the episode.
3. Air Date: The date when the episode was aired.
4. Average Rating: The average rating of the episode.
5. Character Name: The name of the character.
6. Role: The role of the character in the episode (main, supporting, or guest).
7. Relationship: The relationship between characters in the episode.

Analysis Steps:

1. Data Loading and Cleaning:
   - Load the dataset into a pandas DataFrame.
   - Check for missing values and handle them appropriately.
   - Perform any necessary data cleaning and formatting.

2. Episode Analysis:
   - Explore the distribution of episode ratings.
   - Identify the top-rated episodes and analyze their characteristics.
   - Visualize the trend of episode ratings over time.

3. Character Analysis:
   - Analyze the popularity of characters based on their appearances.
   - Identify the main, supporting, and guest characters.
   - Visualize the distribution of character roles.

4. Relationship Analysis:
   - Explore the relationships between characters.
   - Identify the most common character relationships.
   - Visualize the network of character relationships.

5. Additional Analysis:
   - Analyze the duration of episodes and identify any patterns.
   - Explore the relationship between episode ratings and character appearances.
   - Perform any other interesting analyses based on the available data.

Conclusion:
In this project, we have conducted an exploratory data analysis on the Naruto anime series. We have gained insights into episode ratings, character popularity, and character relationships. The findings from this analysis can be used to understand the dynamics of the Naruto anime and provide valuable information to fans and producers alike.

Note: The dataset for this project can be obtained from various sources, such as Kaggle or scraping websites that provide information about Naruto episodes and characters.
End Time on build project : 2023-11-21 19:42:05
Stated Time on build project: 2023-11-21 19:45:20
Goal: create an exploratory data analysis python data science project about naruto the anime.
Project Type: mathematics
Time Constraint: 10
Response: Title: Exploratory Data Analysis of Naruto Anime

Introduction:
In this project, we will perform exploratory data analysis on the popular anime series Naruto. Naruto is a Japanese manga and anime series written and illustrated by Masashi Kishimoto. The story follows Naruto Uzumaki, a young ninja who seeks recognition from his peers and dreams of becoming the Hokage, the leader of his village.

Objective:
The objective of this project is to analyze various aspects of the Naruto anime using Python and data science techniques. We will explore different datasets related to Naruto, including character information, episode details, and user ratings. Through this analysis, we aim to gain insights into the popularity, character development, and overall impact of the Naruto anime.

Dataset:
For this project, we will utilize the following datasets:
1. Naruto Character Dataset: This dataset contains information about the main characters in Naruto, including their names, ages, affiliations, and abilities.
2. Naruto Episode Dataset: This dataset includes details about each episode of the Naruto anime, such as episode number, title, air date, and duration.
3. Naruto User Ratings Dataset: This dataset consists of user ratings and reviews for each episode of Naruto, allowing us to analyze the audience's perception of the show.

Methodology:
1. Data Cleaning: We will clean and preprocess the datasets, handling missing values, removing duplicates, and standardizing the data format.
2. Descriptive Statistics: We will calculate basic statistics such as mean, median, and mode to understand the distribution of character attributes, episode duration, and user ratings.
3. Data Visualization: We will create visualizations, including bar plots, histograms, and scatter plots, to explore relationships between variables and identify patterns.
4. Character Analysis: We will analyze the characteristics and abilities of different Naruto characters, identifying the most popular and powerful ones.
5. Episode Analysis: We will examine the distribution of episode durations, identify the most-watched episodes, and analyze the ratings and reviews given by users.
6. Time Series Analysis: We will analyze the trends and patterns in episode releases over time, identifying any significant changes or milestones in the series.

Conclusion:
Through this exploratory data analysis project, we aim to gain insights into the Naruto anime series. By analyzing character attributes, episode details, and user ratings, we can understand the popularity and impact of the show. This project will provide valuable information for Naruto fans, researchers, and anyone interested in the world of anime.
End Time on build project : 2023-11-21 19:45:32
Stated Time on study plan creator: 2023-11-21 19:55:20
Goal: Create a study plan to learn data science
Timeframe: 5 weeks
Project Type: Senior Engineer
Reference Preference: google
Response: Week 1:
- Spend 5 hours studying the basics of data science, including understanding what it is, its applications, and its importance in various industries.
- Use Google to search for articles, tutorials, and videos that provide an introduction to data science.
- Familiarize yourself with the key concepts and terminologies used in data science.

Week 2:
- Dedicate 5 hours to learning programming languages commonly used in data science, such as Python and R.
- Utilize Google to find online courses or tutorials that teach the basics of Python and R for data science.
- Practice coding exercises and small projects to reinforce your understanding of the programming languages.

Week 3:
- Spend 5 hours studying statistics and probability theory, as they form the foundation of data science.
- Use Google to find resources that explain statistical concepts and their applications in data analysis.
- Practice solving statistical problems and analyzing datasets using statistical techniques.

Week 4:
- Dedicate 5 hours to learning data manipulation and analysis techniques.
- Utilize Google to find tutorials or documentation on libraries and tools commonly used for data manipulation and analysis, such as Pandas and SQL.
- Practice working with datasets, cleaning and transforming data, and performing basic data analysis tasks.

Week 5:
- Spend 5 hours studying machine learning algorithms and techniques.
- Use Google to find resources that explain different machine learning algorithms and their applications.
- Practice implementing machine learning models on sample datasets and evaluating their performance.

Throughout the study plan:
- Continuously search for articles, blog posts, and case studies related to data science on Google to stay updated with the latest trends and advancements.
- Join online communities and forums dedicated to data science to engage with other learners and professionals in the field.
- Consider participating in online data science competitions or projects to apply your knowledge and gain practical experience.

Note: This study plan provides a general outline for learning data science using Google as the primary resource. It is important to adapt and customize the plan based on your learning style, preferences, and goals as a Senior Engineer and General Coding Expert.
End Time on study plan creator: 2023-11-21 19:55:31
Stated Time on study plan creator: 2023-11-21 21:19:07
Goal: Create a study plan to understand data science.
Timeframe: 5 weeks
Project Type: Senior Engineer
Reference Preference: youtube
Response: Week 1:
- Introduction to Data Science: Watch videos on the basics of data science, including its definition, applications, and importance in various industries.
- Python Programming: Start with Python tutorials for beginners on YouTube. Learn about variables, data types, loops, conditionals, and functions.
- Data Manipulation: Explore videos on data manipulation using Python libraries such as NumPy and Pandas. Learn about data cleaning, filtering, and transforming.

Week 2:
- Data Visualization: Watch tutorials on data visualization libraries like Matplotlib and Seaborn. Learn how to create various types of plots and charts to effectively communicate data insights.
- Statistics: Study basic statistical concepts such as mean, median, mode, standard deviation, and hypothesis testing. Look for videos that explain these concepts with real-world examples.
- Machine Learning: Begin with introductory videos on machine learning algorithms, including linear regression, logistic regression, and decision trees. Understand the concepts of training and testing data.

Week 3:
- Advanced Python: Dive deeper into Python programming by learning about object-oriented programming, file handling, and error handling. Look for tutorials that demonstrate how to write efficient and clean code.
- Data Preprocessing: Explore videos on techniques like feature scaling, handling missing values, and encoding categorical variables. Understand the importance of data preprocessing in machine learning pipelines.
- Supervised Learning: Focus on videos that explain more advanced machine learning algorithms such as support vector machines, random forests, and gradient boosting. Learn about model evaluation metrics.

Week 4:
- Unsupervised Learning: Watch tutorials on unsupervised learning algorithms like clustering (K-means, hierarchical) and dimensionality reduction (PCA). Understand their applications and limitations.
- Deep Learning: Explore introductory videos on neural networks and deep learning. Learn about activation functions, backpropagation, and popular deep learning frameworks like TensorFlow or PyTorch.
- Model Evaluation and Validation: Study videos on cross-validation techniques, model evaluation metrics (accuracy, precision, recall), and techniques to avoid overfitting.

Week 5:
- Big Data and Cloud Computing: Watch videos on big data concepts, distributed computing frameworks (Hadoop, Spark), and cloud platforms (AWS, Google Cloud). Understand how data science is applied at scale.
- Data Science Projects: Look for videos that showcase real-world data science projects. Analyze the project workflow, data exploration, feature engineering, model selection, and evaluation.
- Data Science Career: Explore videos on data science job roles, required skills, and interview preparation tips. Learn about the responsibilities of a Senior Engineer in the data science field.

Remember to take notes while watching the videos and practice coding exercises to reinforce your understanding. Additionally, consider supplementing your learning with online courses or books for a more comprehensive understanding of data science.
End Time on study plan creator: 2023-11-21 21:19:20
Stated Time on study plan creator: 2023-11-21 21:25:59
Goal: Hello
Timeframe: 3
Project Type: Musician
Reference Preference: 4
Response: Sure! Here's a study plan for you to become a Musician and a General Coding Expert:

Week 1:
- Spend 1 hour studying the basics of music theory, including notes, scales, and chords.
- Spend 1 hour practicing playing an instrument of your choice. Start with simple exercises and gradually increase the difficulty.
- Spend 1 hour learning the fundamentals of coding, such as variables, data types, and basic syntax.

Week 2:
- Spend 1 hour studying more advanced music theory concepts, such as key signatures, intervals, and harmonization.
- Spend 1 hour practicing playing songs on your instrument. Focus on improving your technique and accuracy.
- Spend 1 hour learning more about coding, such as control structures (if statements, loops) and functions.

Week 3:
- Spend 1 hour exploring different music genres and styles. Listen to various artists and analyze their techniques.
- Spend 1 hour practicing playing songs from different genres on your instrument. Experiment with different styles and techniques.
- Spend 1 hour diving deeper into coding concepts, such as object-oriented programming and algorithms.

Week 4:
- Spend 1 hour studying music composition and songwriting. Learn about song structure, melody, and lyrics.
- Spend 1 hour practicing composing your own music or improvising on your instrument.
- Spend 1 hour focusing on more advanced coding topics, such as data structures and algorithms.

Throughout the weeks, make sure to allocate some time for reviewing and practicing what you have learned in previous sessions. Additionally, consider finding online resources, tutorials, or joining music and coding communities to enhance your learning experience. Remember to have fun and enjoy the process of becoming a Musician and a General Coding Expert!
End Time on study plan creator: 2023-11-21 21:26:08
Stated Time on study plan creator: 2023-11-21 21:45:15
Goal: I want to learn data science
Timeframe: 10
Project Type: Senior Engineer
Reference Preference: 10 weeks
Response: Week 1-2: Introduction to Data Science and Python Programming
- Spend the first two weeks getting familiar with the basics of data science and Python programming.
- Start by learning the fundamentals of Python, including variables, data types, loops, and conditional statements.
- Familiarize yourself with Python libraries commonly used in data science, such as NumPy and Pandas.
- Complete online tutorials and exercises to practice your Python programming skills.

Week 3-4: Data Manipulation and Analysis
- Dive deeper into data manipulation and analysis techniques using Python.
- Learn how to clean and preprocess data, handle missing values, and perform data transformations.
- Explore data visualization techniques using libraries like Matplotlib and Seaborn.
- Practice analyzing and interpreting data sets to gain insights.

Week 5-6: Machine Learning Fundamentals
- Begin your journey into machine learning by understanding the basic concepts and algorithms.
- Learn about supervised and unsupervised learning, regression, classification, and clustering.
- Implement machine learning algorithms using Python libraries such as scikit-learn.
- Work on small projects to apply your knowledge and gain hands-on experience.

Week 7-8: Advanced Machine Learning Techniques
- Deepen your understanding of machine learning by exploring more advanced techniques.
- Study topics like ensemble methods, dimensionality reduction, and model evaluation.
- Learn about neural networks and deep learning using libraries like TensorFlow or PyTorch.
- Work on more complex projects that involve solving real-world problems using machine learning.

Week 9-10: Big Data and Cloud Computing
- Familiarize yourself with big data concepts and tools.
- Learn about distributed computing frameworks like Apache Hadoop and Apache Spark.
- Explore cloud computing platforms like Amazon Web Services (AWS) or Google Cloud Platform (GCP).
- Gain hands-on experience by working on projects that involve processing and analyzing large datasets.

Throughout the 10 weeks:
- Practice coding regularly to strengthen your programming skills.
- Join online communities or forums to connect with other data science enthusiasts and seek help when needed.
- Read books and articles on data science to deepen your knowledge and stay updated with the latest trends.
- Work on personal projects or participate in Kaggle competitions to apply your skills and build a portfolio.
- Continuously challenge yourself by tackling more complex problems and exploring new areas within data science.
End Time on study plan creator: 2023-11-21 21:45:28
Stated Time on study plan creator: 2023-11-21 22:26:54
Goal: I want to learn data science
Timeframe: 5 weeks
Project Type: coding
Reference Preference: google
Error: The server had an error processing your request. Sorry about that! You can retry your request, or contact us through our help center at help.openai.com if you keep seeing this error. (Please include the request ID cb0102ccfcd1ae7aa768f9d5312b77ef in your email.) {
  "error": {
    "message": "The server had an error processing your request. Sorry about that! You can retry your request, or contact us through our help center at help.openai.com if you keep seeing this error. (Please include the request ID cb0102ccfcd1ae7aa768f9d5312b77ef in your email.)",
    "type": "server_error",
    "param": null,
    "code": null
  }
}
 500 {'error': {'message': 'The server had an error processing your request. Sorry about that! You can retry your request, or contact us through our help center at help.openai.com if you keep seeing this error. (Please include the request ID cb0102ccfcd1ae7aa768f9d5312b77ef in your email.)', 'type': 'server_error', 'param': None, 'code': None}} {'Date': 'Tue, 21 Nov 2023 22:26:55 GMT', 'Content-Type': 'application/json', 'Content-Length': '366', 'Connection': 'keep-alive', 'access-control-allow-origin': '*', 'openai-organization': 'user-iuzr4pr2vxuax23srg1iajvu', 'openai-processing-ms': '322', 'openai-version': '2020-10-01', 'strict-transport-security': 'max-age=15724800; includeSubDomains', 'x-ratelimit-limit-requests': '10000', 'x-ratelimit-limit-tokens': '1000000', 'x-ratelimit-limit-tokens_usage_based': '1000000', 'x-ratelimit-remaining-requests': '9999', 'x-ratelimit-remaining-tokens': '997956', 'x-ratelimit-remaining-tokens_usage_based': '997956', 'x-ratelimit-reset-requests': '6ms', 'x-ratelimit-reset-tokens': '122ms', 'x-ratelimit-reset-tokens_usage_based': '122ms', 'x-request-id': 'cb0102ccfcd1ae7aa768f9d5312b77ef', 'CF-Cache-Status': 'DYNAMIC', 'Set-Cookie': '__cf_bm=COKfO_qq3J4sGol4k.VQh5zxx6IfMja9lLOs9B84jaY-1700605615-0-ASssnCFZ7rxFFwJFyfAtSracCnWi9FzLyvFy61PN49hkZjDyjxBXGs0gLMn55XQiNnHeO80sDDCtcB/CW/lYFaE=; path=/; expires=Tue, 21-Nov-23 22:56:55 GMT; domain=.api.openai.com; HttpOnly; Secure; SameSite=None, _cfuvid=YyyMTWTgwX.UvXzRKPRENvgnsz2.e9k8rPz0ulR33OI-1700605615478-0-604800000; path=/; domain=.api.openai.com; HttpOnly; Secure; SameSite=None', 'Server': 'cloudflare', 'CF-RAY': '829c5b64885fc57a-SEA', 'alt-svc': 'h3=":443"; ma=86400'}
Exception on /study_plan_creator [POST]
Traceback (most recent call last):
  File "/root/ds_tinah/app.py", line 92, in study_plan_creator
    response = openai.ChatCompletion.create(
  File "/root/ds_tinah/tinah/lib/python3.10/site-packages/openai/api_resources/chat_completion.py", line 25, in create
    return super().create(*args, **kwargs)
  File "/root/ds_tinah/tinah/lib/python3.10/site-packages/openai/api_resources/abstract/engine_api_resource.py", line 153, in create
    response, _, api_key = requestor.request(
  File "/root/ds_tinah/tinah/lib/python3.10/site-packages/openai/api_requestor.py", line 298, in request
    resp, got_stream = self._interpret_response(result, stream)
  File "/root/ds_tinah/tinah/lib/python3.10/site-packages/openai/api_requestor.py", line 700, in _interpret_response
    self._interpret_response_line(
  File "/root/ds_tinah/tinah/lib/python3.10/site-packages/openai/api_requestor.py", line 765, in _interpret_response_line
    raise self.handle_error_response(
openai.error.APIError: The server had an error processing your request. Sorry about that! You can retry your request, or contact us through our help center at help.openai.com if you keep seeing this error. (Please include the request ID cb0102ccfcd1ae7aa768f9d5312b77ef in your email.) {
  "error": {
    "message": "The server had an error processing your request. Sorry about that! You can retry your request, or contact us through our help center at help.openai.com if you keep seeing this error. (Please include the request ID cb0102ccfcd1ae7aa768f9d5312b77ef in your email.)",
    "type": "server_error",
    "param": null,
    "code": null
  }
}
 500 {'error': {'message': 'The server had an error processing your request. Sorry about that! You can retry your request, or contact us through our help center at help.openai.com if you keep seeing this error. (Please include the request ID cb0102ccfcd1ae7aa768f9d5312b77ef in your email.)', 'type': 'server_error', 'param': None, 'code': None}} {'Date': 'Tue, 21 Nov 2023 22:26:55 GMT', 'Content-Type': 'application/json', 'Content-Length': '366', 'Connection': 'keep-alive', 'access-control-allow-origin': '*', 'openai-organization': 'user-iuzr4pr2vxuax23srg1iajvu', 'openai-processing-ms': '322', 'openai-version': '2020-10-01', 'strict-transport-security': 'max-age=15724800; includeSubDomains', 'x-ratelimit-limit-requests': '10000', 'x-ratelimit-limit-tokens': '1000000', 'x-ratelimit-limit-tokens_usage_based': '1000000', 'x-ratelimit-remaining-requests': '9999', 'x-ratelimit-remaining-tokens': '997956', 'x-ratelimit-remaining-tokens_usage_based': '997956', 'x-ratelimit-reset-requests': '6ms', 'x-ratelimit-reset-tokens': '122ms', 'x-ratelimit-reset-tokens_usage_based': '122ms', 'x-request-id': 'cb0102ccfcd1ae7aa768f9d5312b77ef', 'CF-Cache-Status': 'DYNAMIC', 'Set-Cookie': '__cf_bm=COKfO_qq3J4sGol4k.VQh5zxx6IfMja9lLOs9B84jaY-1700605615-0-ASssnCFZ7rxFFwJFyfAtSracCnWi9FzLyvFy61PN49hkZjDyjxBXGs0gLMn55XQiNnHeO80sDDCtcB/CW/lYFaE=; path=/; expires=Tue, 21-Nov-23 22:56:55 GMT; domain=.api.openai.com; HttpOnly; Secure; SameSite=None, _cfuvid=YyyMTWTgwX.UvXzRKPRENvgnsz2.e9k8rPz0ulR33OI-1700605615478-0-604800000; path=/; domain=.api.openai.com; HttpOnly; Secure; SameSite=None', 'Server': 'cloudflare', 'CF-RAY': '829c5b64885fc57a-SEA', 'alt-svc': 'h3=":443"; ma=86400'}

During handling of the above exception, another exception occurred:

Traceback (most recent call last):
  File "/root/ds_tinah/tinah/lib/python3.10/site-packages/flask/app.py", line 1455, in wsgi_app
    response = self.full_dispatch_request()
  File "/root/ds_tinah/tinah/lib/python3.10/site-packages/flask/app.py", line 869, in full_dispatch_request
    rv = self.handle_user_exception(e)
  File "/root/ds_tinah/tinah/lib/python3.10/site-packages/flask_cors/extension.py", line 176, in wrapped_function
    return cors_after_request(app.make_response(f(*args, **kwargs)))
  File "/root/ds_tinah/tinah/lib/python3.10/site-packages/flask/app.py", line 867, in full_dispatch_request
    rv = self.dispatch_request()
  File "/root/ds_tinah/tinah/lib/python3.10/site-packages/flask/app.py", line 852, in dispatch_request
    return self.ensure_sync(self.view_functions[rule.endpoint])(**view_args)
  File "/root/ds_tinah/app.py", line 105, in study_plan_creator
    return jsonify({"error":e})
  File "/root/ds_tinah/tinah/lib/python3.10/site-packages/flask/json/__init__.py", line 170, in jsonify
    return current_app.json.response(*args, **kwargs)
  File "/root/ds_tinah/tinah/lib/python3.10/site-packages/flask/json/provider.py", line 215, in response
    f"{self.dumps(obj, **dump_args)}\n", mimetype=self.mimetype
  File "/root/ds_tinah/tinah/lib/python3.10/site-packages/flask/json/provider.py", line 180, in dumps
    return json.dumps(obj, **kwargs)
  File "/usr/lib/python3.10/json/__init__.py", line 238, in dumps
    **kw).encode(obj)
  File "/usr/lib/python3.10/json/encoder.py", line 199, in encode
    chunks = self.iterencode(o, _one_shot=True)
  File "/usr/lib/python3.10/json/encoder.py", line 257, in iterencode
    return _iterencode(o, 0)
  File "/root/ds_tinah/tinah/lib/python3.10/site-packages/flask/json/provider.py", line 120, in _default
    raise TypeError(f"Object of type {type(o).__name__} is not JSON serializable")
TypeError: Object of type APIError is not JSON serializable
Stated Time on study plan creator: 2023-11-21 22:27:12
Goal: I want to learn data science
Timeframe: 5 weeks
Project Type: coding
Reference Preference: google
Error: The server had an error processing your request. Sorry about that! You can retry your request, or contact us through our help center at help.openai.com if you keep seeing this error. (Please include the request ID 50b00ed3b66fbbb537dc0529a3d0e63f in your email.) {
  "error": {
    "message": "The server had an error processing your request. Sorry about that! You can retry your request, or contact us through our help center at help.openai.com if you keep seeing this error. (Please include the request ID 50b00ed3b66fbbb537dc0529a3d0e63f in your email.)",
    "type": "server_error",
    "param": null,
    "code": null
  }
}
 500 {'error': {'message': 'The server had an error processing your request. Sorry about that! You can retry your request, or contact us through our help center at help.openai.com if you keep seeing this error. (Please include the request ID 50b00ed3b66fbbb537dc0529a3d0e63f in your email.)', 'type': 'server_error', 'param': None, 'code': None}} {'Date': 'Tue, 21 Nov 2023 22:27:13 GMT', 'Content-Type': 'application/json', 'Content-Length': '366', 'Connection': 'keep-alive', 'access-control-allow-origin': '*', 'openai-organization': 'user-iuzr4pr2vxuax23srg1iajvu', 'openai-processing-ms': '327', 'openai-version': '2020-10-01', 'strict-transport-security': 'max-age=15724800; includeSubDomains', 'x-ratelimit-limit-requests': '10000', 'x-ratelimit-limit-tokens': '1000000', 'x-ratelimit-limit-tokens_usage_based': '1000000', 'x-ratelimit-remaining-requests': '9999', 'x-ratelimit-remaining-tokens': '997956', 'x-ratelimit-remaining-tokens_usage_based': '997956', 'x-ratelimit-reset-requests': '6ms', 'x-ratelimit-reset-tokens': '122ms', 'x-ratelimit-reset-tokens_usage_based': '122ms', 'x-request-id': '50b00ed3b66fbbb537dc0529a3d0e63f', 'CF-Cache-Status': 'DYNAMIC', 'Server': 'cloudflare', 'CF-RAY': '829c5bd20df9c57a-SEA', 'alt-svc': 'h3=":443"; ma=86400'}
Exception on /study_plan_creator [POST]
Traceback (most recent call last):
  File "/root/ds_tinah/app.py", line 92, in study_plan_creator
    response = openai.ChatCompletion.create(
  File "/root/ds_tinah/tinah/lib/python3.10/site-packages/openai/api_resources/chat_completion.py", line 25, in create
    return super().create(*args, **kwargs)
  File "/root/ds_tinah/tinah/lib/python3.10/site-packages/openai/api_resources/abstract/engine_api_resource.py", line 153, in create
    response, _, api_key = requestor.request(
  File "/root/ds_tinah/tinah/lib/python3.10/site-packages/openai/api_requestor.py", line 298, in request
    resp, got_stream = self._interpret_response(result, stream)
  File "/root/ds_tinah/tinah/lib/python3.10/site-packages/openai/api_requestor.py", line 700, in _interpret_response
    self._interpret_response_line(
  File "/root/ds_tinah/tinah/lib/python3.10/site-packages/openai/api_requestor.py", line 765, in _interpret_response_line
    raise self.handle_error_response(
openai.error.APIError: The server had an error processing your request. Sorry about that! You can retry your request, or contact us through our help center at help.openai.com if you keep seeing this error. (Please include the request ID 50b00ed3b66fbbb537dc0529a3d0e63f in your email.) {
  "error": {
    "message": "The server had an error processing your request. Sorry about that! You can retry your request, or contact us through our help center at help.openai.com if you keep seeing this error. (Please include the request ID 50b00ed3b66fbbb537dc0529a3d0e63f in your email.)",
    "type": "server_error",
    "param": null,
    "code": null
  }
}
 500 {'error': {'message': 'The server had an error processing your request. Sorry about that! You can retry your request, or contact us through our help center at help.openai.com if you keep seeing this error. (Please include the request ID 50b00ed3b66fbbb537dc0529a3d0e63f in your email.)', 'type': 'server_error', 'param': None, 'code': None}} {'Date': 'Tue, 21 Nov 2023 22:27:13 GMT', 'Content-Type': 'application/json', 'Content-Length': '366', 'Connection': 'keep-alive', 'access-control-allow-origin': '*', 'openai-organization': 'user-iuzr4pr2vxuax23srg1iajvu', 'openai-processing-ms': '327', 'openai-version': '2020-10-01', 'strict-transport-security': 'max-age=15724800; includeSubDomains', 'x-ratelimit-limit-requests': '10000', 'x-ratelimit-limit-tokens': '1000000', 'x-ratelimit-limit-tokens_usage_based': '1000000', 'x-ratelimit-remaining-requests': '9999', 'x-ratelimit-remaining-tokens': '997956', 'x-ratelimit-remaining-tokens_usage_based': '997956', 'x-ratelimit-reset-requests': '6ms', 'x-ratelimit-reset-tokens': '122ms', 'x-ratelimit-reset-tokens_usage_based': '122ms', 'x-request-id': '50b00ed3b66fbbb537dc0529a3d0e63f', 'CF-Cache-Status': 'DYNAMIC', 'Server': 'cloudflare', 'CF-RAY': '829c5bd20df9c57a-SEA', 'alt-svc': 'h3=":443"; ma=86400'}

During handling of the above exception, another exception occurred:

Traceback (most recent call last):
  File "/root/ds_tinah/tinah/lib/python3.10/site-packages/flask/app.py", line 1455, in wsgi_app
    response = self.full_dispatch_request()
  File "/root/ds_tinah/tinah/lib/python3.10/site-packages/flask/app.py", line 869, in full_dispatch_request
    rv = self.handle_user_exception(e)
  File "/root/ds_tinah/tinah/lib/python3.10/site-packages/flask_cors/extension.py", line 176, in wrapped_function
    return cors_after_request(app.make_response(f(*args, **kwargs)))
  File "/root/ds_tinah/tinah/lib/python3.10/site-packages/flask/app.py", line 867, in full_dispatch_request
    rv = self.dispatch_request()
  File "/root/ds_tinah/tinah/lib/python3.10/site-packages/flask/app.py", line 852, in dispatch_request
    return self.ensure_sync(self.view_functions[rule.endpoint])(**view_args)
  File "/root/ds_tinah/app.py", line 105, in study_plan_creator
    return jsonify({"error":e})
  File "/root/ds_tinah/tinah/lib/python3.10/site-packages/flask/json/__init__.py", line 170, in jsonify
    return current_app.json.response(*args, **kwargs)
  File "/root/ds_tinah/tinah/lib/python3.10/site-packages/flask/json/provider.py", line 215, in response
    f"{self.dumps(obj, **dump_args)}\n", mimetype=self.mimetype
  File "/root/ds_tinah/tinah/lib/python3.10/site-packages/flask/json/provider.py", line 180, in dumps
    return json.dumps(obj, **kwargs)
  File "/usr/lib/python3.10/json/__init__.py", line 238, in dumps
    **kw).encode(obj)
  File "/usr/lib/python3.10/json/encoder.py", line 199, in encode
    chunks = self.iterencode(o, _one_shot=True)
  File "/usr/lib/python3.10/json/encoder.py", line 257, in iterencode
    return _iterencode(o, 0)
  File "/root/ds_tinah/tinah/lib/python3.10/site-packages/flask/json/provider.py", line 120, in _default
    raise TypeError(f"Object of type {type(o).__name__} is not JSON serializable")
TypeError: Object of type APIError is not JSON serializable
Stated Time on study plan creator: 2023-11-21 22:28:20
Goal: I want to learn data science
Timeframe: 5 weeks
Project Type: coding
Reference Preference: google
Response: Week 1:
- Introduction to Data Science and its applications
- Understanding the basics of statistics and probability
- Introduction to Python programming language (syntax, data types, variables, etc.)
- Introduction to Google Colab and Jupyter Notebook for coding in Python

Week 2:
- Exploratory Data Analysis (EDA) techniques and tools
- Data visualization using libraries like Matplotlib and Seaborn
- Introduction to Pandas library for data manipulation and analysis
- Hands-on exercises and projects using real-world datasets

Week 3:
- Introduction to Machine Learning concepts and algorithms
- Supervised learning algorithms (linear regression, logistic regression, decision trees, etc.)
- Unsupervised learning algorithms (clustering, dimensionality reduction, etc.)
- Model evaluation and validation techniques

Week 4:
- Advanced topics in Machine Learning (ensemble methods, support vector machines, etc.)
- Introduction to Deep Learning and Neural Networks
- Hands-on projects using popular ML libraries like scikit-learn and TensorFlow
- Introduction to Google Cloud Platform for scalable data processing and ML deployment

Week 5:
- Introduction to Natural Language Processing (NLP) and Text Mining
- Time series analysis and forecasting techniques
- Introduction to Big Data and distributed computing frameworks like Apache Spark
- Final project: Apply the learned concepts and techniques to solve a real-world data science problem

Throughout the 5 weeks, it is recommended to practice coding regularly and work on mini-projects to reinforce the concepts learned. Additionally, make use of online resources like tutorials, documentation, and forums to enhance your understanding and problem-solving skills.
End Time on study plan creator: 2023-11-21 22:28:27
Stated Time on study plan creator: 2023-11-21 22:37:37
Goal: I want to learn data science
Timeframe: 5 weeks
Project Type: Senior Engineer
Reference Preference: google
Error: The server had an error processing your request. Sorry about that! You can retry your request, or contact us through our help center at help.openai.com if you keep seeing this error. (Please include the request ID 01b97791a11c163d5e13aa4550230993 in your email.) {
  "error": {
    "message": "The server had an error processing your request. Sorry about that! You can retry your request, or contact us through our help center at help.openai.com if you keep seeing this error. (Please include the request ID 01b97791a11c163d5e13aa4550230993 in your email.)",
    "type": "server_error",
    "param": null,
    "code": null
  }
}
 500 {'error': {'message': 'The server had an error processing your request. Sorry about that! You can retry your request, or contact us through our help center at help.openai.com if you keep seeing this error. (Please include the request ID 01b97791a11c163d5e13aa4550230993 in your email.)', 'type': 'server_error', 'param': None, 'code': None}} {'Date': 'Tue, 21 Nov 2023 22:37:38 GMT', 'Content-Type': 'application/json', 'Content-Length': '366', 'Connection': 'keep-alive', 'access-control-allow-origin': '*', 'openai-organization': 'user-iuzr4pr2vxuax23srg1iajvu', 'openai-processing-ms': '332', 'openai-version': '2020-10-01', 'strict-transport-security': 'max-age=15724800; includeSubDomains', 'x-ratelimit-limit-requests': '10000', 'x-ratelimit-limit-tokens': '1000000', 'x-ratelimit-limit-tokens_usage_based': '1000000', 'x-ratelimit-remaining-requests': '9999', 'x-ratelimit-remaining-tokens': '997952', 'x-ratelimit-remaining-tokens_usage_based': '997952', 'x-ratelimit-reset-requests': '6ms', 'x-ratelimit-reset-tokens': '122ms', 'x-ratelimit-reset-tokens_usage_based': '122ms', 'x-request-id': '01b97791a11c163d5e13aa4550230993', 'CF-Cache-Status': 'DYNAMIC', 'Set-Cookie': '__cf_bm=QvDYW8s26NZuGCWSUTHpyOH7679Lg2_ms6O0fI.DCXQ-1700606258-0-AT2JE9f86UadUWqhJdpiviKLCfM4aTNriqScPFXtRRYpftNrr6sqM+NjS25HH+Jbj+36U3+y4Q1OU6WoYEmoPJY=; path=/; expires=Tue, 21-Nov-23 23:07:38 GMT; domain=.api.openai.com; HttpOnly; Secure; SameSite=None, _cfuvid=ms0PosjSEIgF3YTdn8vQX5hGSRIfz288R03bJ89iFk8-1700606258376-0-604800000; path=/; domain=.api.openai.com; HttpOnly; Secure; SameSite=None', 'Server': 'cloudflare', 'CF-RAY': '829c6b167e4a279e-SEA', 'alt-svc': 'h3=":443"; ma=86400'}
Exception on /study_plan_creator [POST]
Traceback (most recent call last):
  File "/root/ds_tinah/app.py", line 92, in study_plan_creator
    response = openai.ChatCompletion.create(
  File "/root/ds_tinah/tinah/lib/python3.10/site-packages/openai/api_resources/chat_completion.py", line 25, in create
    return super().create(*args, **kwargs)
  File "/root/ds_tinah/tinah/lib/python3.10/site-packages/openai/api_resources/abstract/engine_api_resource.py", line 153, in create
    response, _, api_key = requestor.request(
  File "/root/ds_tinah/tinah/lib/python3.10/site-packages/openai/api_requestor.py", line 298, in request
    resp, got_stream = self._interpret_response(result, stream)
  File "/root/ds_tinah/tinah/lib/python3.10/site-packages/openai/api_requestor.py", line 700, in _interpret_response
    self._interpret_response_line(
  File "/root/ds_tinah/tinah/lib/python3.10/site-packages/openai/api_requestor.py", line 765, in _interpret_response_line
    raise self.handle_error_response(
openai.error.APIError: The server had an error processing your request. Sorry about that! You can retry your request, or contact us through our help center at help.openai.com if you keep seeing this error. (Please include the request ID 01b97791a11c163d5e13aa4550230993 in your email.) {
  "error": {
    "message": "The server had an error processing your request. Sorry about that! You can retry your request, or contact us through our help center at help.openai.com if you keep seeing this error. (Please include the request ID 01b97791a11c163d5e13aa4550230993 in your email.)",
    "type": "server_error",
    "param": null,
    "code": null
  }
}
 500 {'error': {'message': 'The server had an error processing your request. Sorry about that! You can retry your request, or contact us through our help center at help.openai.com if you keep seeing this error. (Please include the request ID 01b97791a11c163d5e13aa4550230993 in your email.)', 'type': 'server_error', 'param': None, 'code': None}} {'Date': 'Tue, 21 Nov 2023 22:37:38 GMT', 'Content-Type': 'application/json', 'Content-Length': '366', 'Connection': 'keep-alive', 'access-control-allow-origin': '*', 'openai-organization': 'user-iuzr4pr2vxuax23srg1iajvu', 'openai-processing-ms': '332', 'openai-version': '2020-10-01', 'strict-transport-security': 'max-age=15724800; includeSubDomains', 'x-ratelimit-limit-requests': '10000', 'x-ratelimit-limit-tokens': '1000000', 'x-ratelimit-limit-tokens_usage_based': '1000000', 'x-ratelimit-remaining-requests': '9999', 'x-ratelimit-remaining-tokens': '997952', 'x-ratelimit-remaining-tokens_usage_based': '997952', 'x-ratelimit-reset-requests': '6ms', 'x-ratelimit-reset-tokens': '122ms', 'x-ratelimit-reset-tokens_usage_based': '122ms', 'x-request-id': '01b97791a11c163d5e13aa4550230993', 'CF-Cache-Status': 'DYNAMIC', 'Set-Cookie': '__cf_bm=QvDYW8s26NZuGCWSUTHpyOH7679Lg2_ms6O0fI.DCXQ-1700606258-0-AT2JE9f86UadUWqhJdpiviKLCfM4aTNriqScPFXtRRYpftNrr6sqM+NjS25HH+Jbj+36U3+y4Q1OU6WoYEmoPJY=; path=/; expires=Tue, 21-Nov-23 23:07:38 GMT; domain=.api.openai.com; HttpOnly; Secure; SameSite=None, _cfuvid=ms0PosjSEIgF3YTdn8vQX5hGSRIfz288R03bJ89iFk8-1700606258376-0-604800000; path=/; domain=.api.openai.com; HttpOnly; Secure; SameSite=None', 'Server': 'cloudflare', 'CF-RAY': '829c6b167e4a279e-SEA', 'alt-svc': 'h3=":443"; ma=86400'}

During handling of the above exception, another exception occurred:

Traceback (most recent call last):
  File "/root/ds_tinah/tinah/lib/python3.10/site-packages/flask/app.py", line 1455, in wsgi_app
    response = self.full_dispatch_request()
  File "/root/ds_tinah/tinah/lib/python3.10/site-packages/flask/app.py", line 869, in full_dispatch_request
    rv = self.handle_user_exception(e)
  File "/root/ds_tinah/tinah/lib/python3.10/site-packages/flask_cors/extension.py", line 176, in wrapped_function
    return cors_after_request(app.make_response(f(*args, **kwargs)))
  File "/root/ds_tinah/tinah/lib/python3.10/site-packages/flask/app.py", line 867, in full_dispatch_request
    rv = self.dispatch_request()
  File "/root/ds_tinah/tinah/lib/python3.10/site-packages/flask/app.py", line 852, in dispatch_request
    return self.ensure_sync(self.view_functions[rule.endpoint])(**view_args)
  File "/root/ds_tinah/app.py", line 105, in study_plan_creator
    return jsonify({"error":e})
  File "/root/ds_tinah/tinah/lib/python3.10/site-packages/flask/json/__init__.py", line 170, in jsonify
    return current_app.json.response(*args, **kwargs)
  File "/root/ds_tinah/tinah/lib/python3.10/site-packages/flask/json/provider.py", line 215, in response
    f"{self.dumps(obj, **dump_args)}\n", mimetype=self.mimetype
  File "/root/ds_tinah/tinah/lib/python3.10/site-packages/flask/json/provider.py", line 180, in dumps
    return json.dumps(obj, **kwargs)
  File "/usr/lib/python3.10/json/__init__.py", line 238, in dumps
    **kw).encode(obj)
  File "/usr/lib/python3.10/json/encoder.py", line 199, in encode
    chunks = self.iterencode(o, _one_shot=True)
  File "/usr/lib/python3.10/json/encoder.py", line 257, in iterencode
    return _iterencode(o, 0)
  File "/root/ds_tinah/tinah/lib/python3.10/site-packages/flask/json/provider.py", line 120, in _default
    raise TypeError(f"Object of type {type(o).__name__} is not JSON serializable")
TypeError: Object of type APIError is not JSON serializable
Stated Time on study plan creator: 2023-11-21 22:37:48
Goal: I want to learn data science
Timeframe: 5 weeks
Project Type: Senior Engineer
Reference Preference: google
Response: Week 1:
- Spend 2 hours understanding the basics of data science and its applications. Use Google to search for articles, videos, and tutorials on the topic.
- Spend 2 hours learning Python programming language. Start with basic syntax, data types, and control structures. Utilize Google to find online tutorials and exercises.
- Spend 1 hour exploring various data science libraries in Python, such as NumPy, Pandas, and Matplotlib. Look for online documentation and examples to understand their usage.

Week 2:
- Spend 2 hours diving deeper into Python programming. Learn about functions, modules, and file handling. Use Google to find tutorials and practice coding exercises.
- Spend 2 hours understanding data manipulation and analysis using Pandas library. Look for online tutorials and examples to practice data cleaning, filtering, and aggregation.
- Spend 1 hour exploring data visualization techniques using Matplotlib library. Search for examples and tutorials to create different types of plots and charts.

Week 3:
- Spend 2 hours learning about statistical concepts and their applications in data science. Use Google to find articles, videos, and tutorials on topics like probability, hypothesis testing, and regression analysis.
- Spend 2 hours exploring machine learning algorithms and their implementation in Python. Look for online tutorials and examples to understand concepts like supervised learning, unsupervised learning, and model evaluation.
- Spend 1 hour practicing data cleaning and preprocessing techniques using real-world datasets. Search for datasets and tutorials to apply what you have learned so far.

Week 4:
- Spend 2 hours studying advanced topics in machine learning, such as ensemble methods, dimensionality reduction, and deep learning. Utilize Google to find articles, videos, and tutorials on these topics.
- Spend 2 hours working on a small data science project. Use Google to find datasets and project ideas. Apply your knowledge of Python, data manipulation, and machine learning to solve a real-world problem.
- Spend 1 hour reviewing and practicing coding exercises related to data science. Utilize Google to find coding challenges and practice problems to strengthen your programming skills.

Week 5:
- Spend 2 hours exploring big data technologies and tools, such as Apache Hadoop and Apache Spark. Use Google to find articles, tutorials, and examples to understand their usage in data science.
- Spend 2 hours studying data science best practices and techniques for model deployment and productionization. Look for articles, case studies, and tutorials on topics like model deployment, monitoring, and maintenance.
- Spend 1 hour reviewing and summarizing the key concepts and techniques you have learned throughout the past weeks. Use Google to find study guides and resources to reinforce your understanding.

Remember to adapt this study plan based on your own learning pace and preferences. Additionally, make sure to allocate time for practice and hands-on projects to solidify your knowledge and skills in data science.
End Time on study plan creator: 2023-11-21 22:38:03
